<?xml version="1.0" encoding="UTF-8"?>
<testsuite name="fi.gekkio.ghidraboy.SoftwareCallAutomaticAnalysisTest" tests="2" skipped="0" failures="0" errors="0" timestamp="2026-09-07T22:45:50.619Z" hostname="MacBookPro.localdomain" time="3.407">
  <properties/>
  <testcase name="edited fresh canonical source survives removal while owned redirect clears and alias retires()" classname="fi.gekkio.ghidraboy.SoftwareCallAutomaticAnalysisTest" time="0.151"/>
  <testcase name="fresh label-only caller remains paired and natively valid after full ordinary automatic analysis()" classname="fi.gekkio.ghidraboy.SoftwareCallAutomaticAnalysisTest" time="3.255"/>
  <system-out><![CDATA[INFO  Applied data type archive: generic_clib (ApplyDataArchiveAnalyzer)  
INFO  -----------------------------------------------------
    ASCII Strings                              0.002 secs
    Apply Data Archives                        0.051 secs
    Basic Constant Reference Analyzer          0.507 secs
    Call Convention ID                         0.000 secs
    Call-Fixup Installer                       0.000 secs
    Create Function                            0.000 secs
    Decompiler Switch Analysis                 1.435 secs
    Demangler GNU                              0.040 secs
    Disassemble Entry Points                   0.002 secs
    Embedded Media                             0.002 secs
    External Entry References                  0.000 secs
    Function ID                                0.001 secs
    Non-Returning Functions - Discovered       0.000 secs
    Shared Return Calls                        0.001 secs
    Stack                                      0.276 secs
    Subroutine References                      0.000 secs
-----------------------------------------------------
     Total Time   2 secs
-----------------------------------------------------
 (AutoAnalysisManager)  
]]></system-out>
  <system-err><![CDATA[]]></system-err>
</testsuite>
