<?xml version="1.0" encoding="UTF-8"?>
<testsuite name="fi.gekkio.ghidraboy.SoftwareCallContinuationPreservationTest" tests="1" skipped="0" failures="1" errors="0" timestamp="2026-09-07T18:59:41.275Z" hostname="MacBookPro.localdomain" time="0.018">
  <properties/>
  <testcase name="later configured manually pushed continuation retains physical native call and wrapper effects()" classname="fi.gekkio.ghidraboy.SoftwareCallContinuationPreservationTest" time="0.018">
    <failure message="java.lang.IllegalArgumentException: List has more than one element." type="java.lang.IllegalArgumentException">java.lang.IllegalArgumentException: List has more than one element.
	at kotlin.collections.CollectionsKt___CollectionsKt.single(_Collections.kt:618)
	at fi.gekkio.ghidraboy.SoftwareCallContinuationPreservationTest.later configured manually pushed continuation retains physical native call and wrapper effects(SoftwareCallContinuationPreservationTest.kt:45)
	at java.base/java.lang.reflect.Method.invoke(Method.java:580)
	at java.base/java.util.ArrayList.forEach(ArrayList.java:1596)
	at java.base/java.util.ArrayList.forEach(ArrayList.java:1596)
</failure>
  </testcase>
  <system-out><![CDATA[]]></system-out>
  <system-err><![CDATA[]]></system-err>
</testsuite>
