<?xml version="1.0" encoding="UTF-8"?>
<testsuite name="fi.gekkio.ghidraboy.PcodeConstantsTest" tests="4" skipped="0" failures="0" errors="0" timestamp="2026-09-07T20:28:21.378Z" hostname="MacBookPro.localdomain" time="0.002">
  <properties/>
  <testcase name="integer flags logic and unsigned arithmetic follow pcode contract()" classname="fi.gekkio.ghidraboy.PcodeConstantsTest" time="0.0"/>
  <testcase name="overlapping writes preserve independent bytes and unknowns kill dependencies()" classname="fi.gekkio.ghidraboy.PcodeConstantsTest" time="0.0"/>
  <testcase name="extension truncation concatenation and wrap have explicit widths()" classname="fi.gekkio.ghidraboy.PcodeConstantsTest" time="0.0"/>
  <testcase name="shifts respect operand width and unsigned counts without host modulo()" classname="fi.gekkio.ghidraboy.PcodeConstantsTest" time="0.002"/>
  <system-out><![CDATA[]]></system-out>
  <system-err><![CDATA[]]></system-err>
</testsuite>
