<?xml version="1.0" encoding="UTF-8"?>
<testsuite name="fi.gekkio.ghidraboy.AnalysisLifecycleTest" tests="7" skipped="0" failures="1" errors="0" timestamp="2026-09-07T04:00:55.013Z" hostname="MacBookPro.localdomain" time="0.278">
  <properties/>
  <testcase name="partial MBC3 ROM selection does not invent unrelated hardware state()" classname="fi.gekkio.ghidraboy.AnalysisLifecycleTest" time="0.022"/>
  <testcase name="cancelled far application rolls back a previously changed site()" classname="fi.gekkio.ghidraboy.AnalysisLifecycleTest" time="0.024"/>
  <testcase name="mapper control stores stay visible in decompiler and receive access annotations()" classname="fi.gekkio.ghidraboy.AnalysisLifecycleTest" time="0.077">
    <failure message="org.opentest4j.AssertionFailedError: expected: &lt;true&gt; but was: &lt;false&gt;" type="org.opentest4j.AssertionFailedError">org.opentest4j.AssertionFailedError: expected: &lt;true&gt; but was: &lt;false&gt;
	at app//org.junit.jupiter.api.AssertionFailureBuilder.build(AssertionFailureBuilder.java:151)
	at app//org.junit.jupiter.api.AssertionFailureBuilder.buildAndThrow(AssertionFailureBuilder.java:132)
	at app//org.junit.jupiter.api.AssertTrue.failNotTrue(AssertTrue.java:63)
	at app//org.junit.jupiter.api.AssertTrue.assertTrue(AssertTrue.java:36)
	at app//org.junit.jupiter.api.AssertTrue.assertTrue(AssertTrue.java:31)
	at app//org.junit.jupiter.api.Assertions.assertTrue(Assertions.java:183)
	at app//fi.gekkio.ghidraboy.AnalysisLifecycleTest.mapper_control_stores_stay_visible_in_decompiler_and_receive_access_annotations$lambda$15(AnalysisLifecycleTest.kt:150)
	at app//fi.gekkio.ghidraboy.AnalysisLifecycleTest.program(AnalysisLifecycleTest.kt:37)
	at app//fi.gekkio.ghidraboy.AnalysisLifecycleTest.mapper control stores stay visible in decompiler and receive access annotations(AnalysisLifecycleTest.kt:124)
	at java.base@21.0.12.1/java.lang.reflect.Method.invoke(Method.java:580)
	at java.base@21.0.12.1/java.util.ArrayList.forEach(ArrayList.java:1596)
	at java.base@21.0.12.1/java.util.ArrayList.forEach(ArrayList.java:1596)
</failure>
  </testcase>
  <testcase name="far convention rejects switchable callers and restores only owned overrides()" classname="fi.gekkio.ghidraboy.AnalysisLifecycleTest" time="0.039"/>
  <testcase name="pre bus analysis snapshots reject without altering stored receipts()" classname="fi.gekkio.ghidraboy.AnalysisLifecycleTest" time="0.028"/>
  <testcase name="cancellation after mutation rolls back apply discovery and removal()" classname="fi.gekkio.ghidraboy.AnalysisLifecycleTest" time="0.043"/>
  <testcase name="apply reapply remove cleans unchanged additions and preserves edits()" classname="fi.gekkio.ghidraboy.AnalysisLifecycleTest" time="0.043"/>
  <system-out><![CDATA[ERROR os/mac_arm_64/decompile does not exist (see GettingStarted.md, 'Building Native Components') (DecompileProcessFactory)  
]]></system-out>
  <system-err><![CDATA[]]></system-err>
</testsuite>
