<?xml version="1.0" encoding="UTF-8"?>
<testsuite name="fi.gekkio.ghidraboy.SoftwareCallInjectionTest" tests="2" skipped="0" failures="1" errors="0" timestamp="2026-09-07T04:52:26.758Z" hostname="MacBookPro.localdomain" time="1.896">
  <properties/>
  <testcase name="physical overlay call override exposes ordinary native transport limitation()" classname="fi.gekkio.ghidraboy.SoftwareCallInjectionTest" time="0.786">
    <failure message="org.opentest4j.AssertionFailedError: &#10;void physical_caller(void)&#10;&#10;{&#10;  physical_callee();&#10;  return;&#10;}&#10;&#10; ==&gt; expected: &lt;false&gt; but was: &lt;true&gt;" type="org.opentest4j.AssertionFailedError">org.opentest4j.AssertionFailedError: 
void physical_caller(void)

{
  physical_callee();
  return;
}

 ==&gt; expected: &lt;false&gt; but was: &lt;true&gt;
	at app//org.junit.jupiter.api.AssertionFailureBuilder.build(AssertionFailureBuilder.java:151)
	at app//org.junit.jupiter.api.AssertionFailureBuilder.buildAndThrow(AssertionFailureBuilder.java:132)
	at app//org.junit.jupiter.api.AssertFalse.failNotFalse(AssertFalse.java:63)
	at app//org.junit.jupiter.api.AssertFalse.assertFalse(AssertFalse.java:36)
	at app//org.junit.jupiter.api.Assertions.assertFalse(Assertions.java:239)
	at app//fi.gekkio.ghidraboy.SoftwareCallInjectionTest.physical overlay call override exposes ordinary native transport limitation(SoftwareCallInjectionTest.kt:244)
	at java.base@21.0.12.1/java.lang.reflect.Method.invoke(Method.java:580)
	at java.base@21.0.12.1/java.util.ArrayList.forEach(ArrayList.java:1596)
	at java.base@21.0.12.1/java.util.ArrayList.forEach(ArrayList.java:1596)
</failure>
  </testcase>
  <testcase name="callfixup retains hardware frame and adjusted continuation through repeated analysis()" classname="fi.gekkio.ghidraboy.SoftwareCallInjectionTest" time="1.109"/>
  <system-out><![CDATA[SA01_DEFAULT_PRIMARY_NATIVE completed=true error= c=
void physical_caller(void)

{
  func_0x4000();
  return;
}


INFO  Packed database cache: /var/tmp/joshuahansen-ghidra/packed-db-cache (PackedDatabaseCache)  
INFO  Applied data type archive: generic_clib (ApplyDataArchiveAnalyzer)  
INFO  Applied data type archive: generic_clib (ApplyDataArchiveAnalyzer)  
]]></system-out>
  <system-err><![CDATA[]]></system-err>
</testsuite>
