<?xml version="1.0" encoding="UTF-8"?>
<testsuite name="fi.gekkio.ghidraboy.SoftwareCallAdversarialTest" tests="11" skipped="0" failures="1" errors="0" timestamp="2026-09-07T10:06:27.782Z" hostname="MacBookPro.localdomain" time="1.953">
  <properties/>
  <testcase name="matched ordinary nested RET permits precise reversible false noReturn and CALL_RETURN repair()" classname="fi.gekkio.ghidraboy.SoftwareCallAdversarialTest" time="0.403">
    <failure message="org.opentest4j.AssertionFailedError: [Unsupported instruction interpretation: length/fallthrough override needs an effect and continuation summary at rom2::4101, Nested call has an unvalidated native flow interpretation at rom2::4101][] ==&gt; expected: &lt;true&gt; but was: &lt;false&gt;" type="org.opentest4j.AssertionFailedError">org.opentest4j.AssertionFailedError: [Unsupported instruction interpretation: length/fallthrough override needs an effect and continuation summary at rom2::4101, Nested call has an unvalidated native flow interpretation at rom2::4101][] ==&gt; expected: &lt;true&gt; but was: &lt;false&gt;
	at app//org.junit.jupiter.api.AssertionFailureBuilder.build(AssertionFailureBuilder.java:151)
	at app//org.junit.jupiter.api.AssertionFailureBuilder.buildAndThrow(AssertionFailureBuilder.java:132)
	at app//org.junit.jupiter.api.AssertTrue.failNotTrue(AssertTrue.java:63)
	at app//org.junit.jupiter.api.AssertTrue.assertTrue(AssertTrue.java:36)
	at app//org.junit.jupiter.api.Assertions.assertTrue(Assertions.java:214)
	at app//fi.gekkio.ghidraboy.SoftwareCallAdversarialTest.matched_ordinary_nested_RET_permits_precise_reversible_false_noReturn_and_CALL_RETURN_repair$lambda$19(SoftwareCallAdversarialTest.kt:208)
	at app//fi.gekkio.ghidraboy.SoftwareCallAdversarialTest.fixture(SoftwareCallAdversarialTest.kt:69)
	at app//fi.gekkio.ghidraboy.SoftwareCallAdversarialTest.fixture$default(SoftwareCallAdversarialTest.kt:34)
	at app//fi.gekkio.ghidraboy.SoftwareCallAdversarialTest.matched ordinary nested RET permits precise reversible false noReturn and CALL_RETURN repair(SoftwareCallAdversarialTest.kt:186)
	at java.base@21.0.12.1/java.lang.reflect.Method.invoke(Method.java:580)
	at java.base@21.0.12.1/java.util.ArrayList.forEach(ArrayList.java:1596)
	at java.base@21.0.12.1/java.util.ArrayList.forEach(ArrayList.java:1596)
</failure>
  </testcase>
  <testcase name="nested returning witness never excuses an unrelated BRANCH override()" classname="fi.gekkio.ghidraboy.SoftwareCallAdversarialTest" time="0.025"/>
  <testcase name="unprepared helper instructions remain explicit missing discovery evidence()" classname="fi.gekkio.ghidraboy.SoftwareCallAdversarialTest" time="0.018"/>
  <testcase name="unprepared callee instructions remain explicit missing discovery evidence()" classname="fi.gekkio.ghidraboy.SoftwareCallAdversarialTest" time="0.012"/>
  <testcase name="legacy far-call supplemental endpoint cannot silently become a helper endpoint()" classname="fi.gekkio.ghidraboy.SoftwareCallAdversarialTest" time="0.027"/>
  <testcase name="same-space first continuation still needs banked view for later window crossing()" classname="fi.gekkio.ghidraboy.SoftwareCallAdversarialTest" time="0.392"/>
  <testcase name="canonical local branches and conditional RET preserve raw flags registers and live return words()" classname="fi.gekkio.ghidraboy.SoftwareCallAdversarialTest" time="1.021"/>
  <testcase name="continuation fetch permissions are proof premises rather than only later drift checks()" classname="fi.gekkio.ghidraboy.SoftwareCallAdversarialTest" time="0.011"/>
  <testcase name="initial wrong primary ordinary CALL reference is rejected without silent normalization()" classname="fi.gekkio.ghidraboy.SoftwareCallAdversarialTest" time="0.01"/>
  <testcase name="initial wrong CALL override is rejected before ownership can bless it()" classname="fi.gekkio.ghidraboy.SoftwareCallAdversarialTest" time="0.009"/>
  <testcase name="later continuation fetches and instruction operand bytes also require immutable ROM()" classname="fi.gekkio.ghidraboy.SoftwareCallAdversarialTest" time="0.023"/>
  <system-out><![CDATA[WARN  Decompiling 3ffd, pcode error at 4000: Could not follow disassembly flow into non-existing memory at 4000 (DecompileCallback)  
WARN  Decompiling 3ffd, pcode error at 4000: Could not follow disassembly flow into non-existing memory at 4000 (DecompileCallback)  
WARN  Decompiling 3ffd, pcode error at 4004: Could not follow disassembly flow into non-existing memory at 4004 (DecompileCallback)  
WARN  Decompiling 3ffd, pcode error at 4000: Could not follow disassembly flow into non-existing memory at 4000 (DecompileCallback)  
WARN  Decompiling 3ffd, pcode error at 4004: Could not follow disassembly flow into non-existing memory at 4004 (DecompileCallback)  
WARN  Decompiling 3ffd, pcode error at 4000: Could not follow disassembly flow into non-existing memory at 4000 (DecompileCallback)  
WARN  Decompiling 3ffd, pcode error at 4004: Could not follow disassembly flow into non-existing memory at 4004 (DecompileCallback)  
]]></system-out>
  <system-err><![CDATA[]]></system-err>
</testsuite>
