<?xml version="1.0" encoding="UTF-8"?>
<testsuite name="fi.gekkio.ghidraboy.ApplicationIntegrityTest" tests="2" skipped="0" failures="0" errors="0" timestamp="2026-09-07T20:09:36.198Z" hostname="MacBookPro.localdomain" time="0.064">
  <properties/>
  <testcase name="old supplemental reference receipt cannot authorize deleting user primary edit()" classname="fi.gekkio.ghidraboy.ApplicationIntegrityTest" time="0.035"/>
  <testcase name="late cancellation rolls back saved result and final discovery ownership()" classname="fi.gekkio.ghidraboy.ApplicationIntegrityTest" time="0.029"/>
  <system-out><![CDATA[]]></system-out>
  <system-err><![CDATA[]]></system-err>
</testsuite>
