<?xml version="1.0" encoding="UTF-8"?>
<testsuite name="fi.gekkio.ghidraboy.SoftwareCallTypeDependencyTest" tests="1" skipped="0" failures="0" errors="0" timestamp="2026-09-07T20:09:51.155Z" hostname="MacBookPro.localdomain" time="0.001">
  <properties/>
  <testcase name="same name and size mutation behind native pointer changes dependency()" classname="fi.gekkio.ghidraboy.SoftwareCallTypeDependencyTest" time="0.001"/>
  <system-out><![CDATA[]]></system-out>
  <system-err><![CDATA[]]></system-err>
</testsuite>
