<?xml version="1.0" encoding="UTF-8"?>
<testsuite name="fi.gekkio.ghidraboy.SoftwareCallContinuationTest" tests="24" skipped="0" failures="0" errors="0" timestamp="2026-09-07T20:09:41.159Z" hostname="MacBookPro.localdomain" time="0.199">
  <properties/>
  <testcase name="later configured nonreturn skips wrapper epilogue while unknown callee never gains outcome()" classname="fi.gekkio.ghidraboy.SoftwareCallContinuationTest" time="0.015"/>
  <testcase name="nested later calls restore selected bank before returning to banked continuation()" classname="fi.gekkio.ghidraboy.SoftwareCallContinuationTest" time="0.007"/>
  <testcase name="later false noReturn remains a veto until matched return repair is reviewed()" classname="fi.gekkio.ghidraboy.SoftwareCallContinuationTest" time="0.007"/>
  <testcase name="callee graph stops at live restoring epilogue frame without applying wrapper clobbers()" classname="fi.gekkio.ghidraboy.SoftwareCallContinuationTest" time="0.007"/>
  <testcase name="indirect mapper write propagates physical fetch while retaining native bus veto()" classname="fi.gekkio.ghidraboy.SoftwareCallContinuationTest" time="0.006"/>
  <testcase name="initial nested nonlocal frame retires by exact SP and outer continuation still executes()" classname="fi.gekkio.ghidraboy.SoftwareCallContinuationTest" time="0.01"/>
  <testcase name="banked data reads retain physical identities independent of code location()" classname="fi.gekkio.ghidraboy.SoftwareCallContinuationTest" time="0.008"/>
  <testcase name="conditional return uses proved flags and exact loops retain a back edge()" classname="fi.gekkio.ghidraboy.SoftwareCallContinuationTest" time="0.011"/>
  <testcase name="configured later restoring call preserves wrapper clobbers and verifies premises()" classname="fi.gekkio.ghidraboy.SoftwareCallContinuationTest" time="0.012"/>
  <testcase name="later nonreturning call retains live hardware frame and terminal callee loop()" classname="fi.gekkio.ghidraboy.SoftwareCallContinuationTest" time="0.005"/>
  <testcase name="nested invocation slices retain live frames and normalize only native graph depth()" classname="fi.gekkio.ghidraboy.SoftwareCallContinuationTest" time="0.008"/>
  <testcase name="nonlocal software target resumes real cleanup code with saved wrapper words intact()" classname="fi.gekkio.ghidraboy.SoftwareCallContinuationTest" time="0.01"/>
  <testcase name="unmatched nonlocal stack boundary remains unresolved with no invented departed frame()" classname="fi.gekkio.ghidraboy.SoftwareCallContinuationTest" time="0.006"/>
  <testcase name="later ordinary call supplies real return frame registers flags and memory()" classname="fi.gekkio.ghidraboy.SoftwareCallContinuationTest" time="0.006"/>
  <testcase name="state lowering matches raw architectural operations with two distinct live external return words()" classname="fi.gekkio.ghidraboy.SoftwareCallContinuationTest" time="0.01"/>
  <testcase name="stateful continuation binds exact callee prerequisite while retaining original vetoes()" classname="fi.gekkio.ghidraboy.SoftwareCallContinuationTest" time="0.01"/>
  <testcase name="initial software nonlocal preserves actual SP while locating the original live external frame()" classname="fi.gekkio.ghidraboy.SoftwareCallContinuationTest" time="0.008"/>
  <testcase name="later consumed byte mutation changes dependencies and effect state()" classname="fi.gekkio.ghidraboy.SoftwareCallContinuationTest" time="0.008"/>
  <testcase name="later manual software transfer consumes its actual pushed continuation()" classname="fi.gekkio.ghidraboy.SoftwareCallContinuationTest" time="0.007"/>
  <testcase name="same CPU PC is revisited in distinct physical banks without merging states()" classname="fi.gekkio.ghidraboy.SoftwareCallContinuationTest" time="0.006"/>
  <testcase name="callee graph preserves competing banks and raw root return before caller continuation()" classname="fi.gekkio.ghidraboy.SoftwareCallContinuationTest" time="0.007"/>
  <testcase name="unknown initial RAM and partially changed live return word remain unresolved()" classname="fi.gekkio.ghidraboy.SoftwareCallContinuationTest" time="0.01"/>
  <testcase name="later nonlocal call records changed live return word without a balanced afterCall()" classname="fi.gekkio.ghidraboy.SoftwareCallContinuationTest" time="0.006"/>
  <testcase name="known later nonlocal return preserves actual destination and popped stack()" classname="fi.gekkio.ghidraboy.SoftwareCallContinuationTest" time="0.006"/>
  <system-out><![CDATA[]]></system-out>
  <system-err><![CDATA[]]></system-err>
</testsuite>
