<?xml version="1.0" encoding="UTF-8"?>
<testsuite name="fi.gekkio.ghidraboy.SoftwareCallStateContinuationApplicationTest" tests="11" skipped="0" failures="0" errors="0" timestamp="2026-09-07T20:09:27.357Z" hostname="MacBookPro.localdomain" time="7.197">
  <properties/>
  <testcase name="later configured restoring call keeps physical target wrapper effects and canonical navigation()" classname="fi.gekkio.ghidraboy.SoftwareCallStateContinuationApplicationTest" time="1.416"/>
  <testcase name="later ordinary callee revisits CPU under another bank and preserves internal memory effect()" classname="fi.gekkio.ghidraboy.SoftwareCallStateContinuationApplicationTest" time="0.965"/>
  <testcase name="later software nonlocal return preserves saved wrapper words for actual cleanup instructions()" classname="fi.gekkio.ghidraboy.SoftwareCallStateContinuationApplicationTest" time="0.804"/>
  <testcase name="public canonical and derived roots retain repeated CPU fetches from competing banks()" classname="fi.gekkio.ghidraboy.SoftwareCallStateContinuationApplicationTest" time="0.406"/>
  <testcase name="later configured constant-bank return preserves flags and actual wrapper bank()" classname="fi.gekkio.ghidraboy.SoftwareCallStateContinuationApplicationTest" time="0.568"/>
  <testcase name="later call register results justify indirect mapper write and subsequent physical fetch()" classname="fi.gekkio.ghidraboy.SoftwareCallStateContinuationApplicationTest" time="0.463"/>
  <testcase name="later manual software transfer preserves physical call and selected return bank()" classname="fi.gekkio.ghidraboy.SoftwareCallStateContinuationApplicationTest" time="0.527"/>
  <testcase name="later ordinary nonlocal return executes its actual destination instead of encoded continuation()" classname="fi.gekkio.ghidraboy.SoftwareCallStateContinuationApplicationTest" time="0.492"/>
  <testcase name="later ordinary call retains physical native target register flag and memory results()" classname="fi.gekkio.ghidraboy.SoftwareCallStateContinuationApplicationTest" time="0.412"/>
  <testcase name="later nonreturning native call terminates only its proved contextual alias()" classname="fi.gekkio.ghidraboy.SoftwareCallStateContinuationApplicationTest" time="0.598"/>
  <testcase name="banked data mutation invalidates paired roots and same interface sees reviewed new values()" classname="fi.gekkio.ghidraboy.SoftwareCallStateContinuationApplicationTest" time="0.545"/>
  <system-out><![CDATA[]]></system-out>
  <system-err><![CDATA[]]></system-err>
</testsuite>
