<?xml version="1.0" encoding="UTF-8"?>
<testsuite name="fi.gekkio.ghidraboy.SoftwareCallDerivedFlowIntegrityTest" tests="2" skipped="0" failures="0" errors="0" timestamp="2026-09-07T22:46:27.102Z" hostname="MacBookPro.localdomain" time="6.804">
  <properties/>
  <testcase name="supplementary continuation can be independently decompiled without following its untaken unmapped edge()" classname="fi.gekkio.ghidraboy.SoftwareCallDerivedFlowIntegrityTest" time="0.429"/>
  <testcase name="repeated ordinary analysis preserves all supplementary fragments and their independently opened continuation()" classname="fi.gekkio.ghidraboy.SoftwareCallDerivedFlowIntegrityTest" time="6.375"/>
  <system-out><![CDATA[INFO  Applied data type archive: generic_clib (ApplyDataArchiveAnalyzer)  
INFO  -----------------------------------------------------
    ASCII Strings                              0.018 secs
    Apply Data Archives                        0.052 secs
    Basic Constant Reference Analyzer          0.530 secs
    Call Convention ID                         0.000 secs
    Call-Fixup Installer                       0.000 secs
    Create Function                            0.000 secs
    Decompiler Switch Analysis                 1.448 secs
    Demangler GNU                              0.039 secs
    Disassemble Entry Points                   0.002 secs
    Embedded Media                             0.001 secs
    External Entry References                  0.001 secs
    Function ID                                0.000 secs
    Non-Returning Functions - Discovered       0.000 secs
    Shared Return Calls                        0.000 secs
    Stack                                      0.279 secs
    Subroutine References                      0.000 secs
-----------------------------------------------------
     Total Time   2 secs
-----------------------------------------------------
 (AutoAnalysisManager)  
INFO  Applied data type archive: generic_clib (ApplyDataArchiveAnalyzer)  
INFO  -----------------------------------------------------
    ASCII Strings                              0.001 secs
    Apply Data Archives                        0.004 secs
    Basic Constant Reference Analyzer          0.433 secs
    Call Convention ID                         0.000 secs
    Call-Fixup Installer                       0.000 secs
    Create Function                            0.000 secs
    Decompiler Switch Analysis                 1.390 secs
    Demangler GNU                              0.039 secs
    Disassemble Entry Points                   0.000 secs
    Embedded Media                             0.003 secs
    External Entry References                  0.000 secs
    Function ID                                0.000 secs
    Non-Returning Functions - Discovered       0.000 secs
    Shared Return Calls                        0.001 secs
    Stack                                      0.286 secs
    Subroutine References                      0.000 secs
-----------------------------------------------------
     Total Time   2 secs
-----------------------------------------------------
 (AutoAnalysisManager)  
]]></system-out>
  <system-err><![CDATA[]]></system-err>
</testsuite>
