<?xml version="1.0" encoding="UTF-8"?>
<testsuite name="fi.gekkio.ghidraboy.PcodeConstantsTest" tests="4" skipped="0" failures="1" errors="0" timestamp="2026-09-07T04:05:30.819Z" hostname="MacBookPro.localdomain" time="0.021">
  <properties/>
  <testcase name="integer flags logic and unsigned arithmetic follow pcode contract()" classname="fi.gekkio.ghidraboy.PcodeConstantsTest" time="0.014"/>
  <testcase name="overlapping writes preserve independent bytes and unknowns kill dependencies()" classname="fi.gekkio.ghidraboy.PcodeConstantsTest" time="0.0"/>
  <testcase name="extension truncation concatenation and wrap have explicit widths()" classname="fi.gekkio.ghidraboy.PcodeConstantsTest" time="0.003">
    <failure message="org.opentest4j.AssertionFailedError: expected: &lt;null&gt; but was: &lt;0&gt;" type="org.opentest4j.AssertionFailedError">org.opentest4j.AssertionFailedError: expected: &lt;null&gt; but was: &lt;0&gt;
	at app//org.junit.jupiter.api.AssertionFailureBuilder.build(AssertionFailureBuilder.java:151)
	at app//org.junit.jupiter.api.AssertionFailureBuilder.buildAndThrow(AssertionFailureBuilder.java:132)
	at app//org.junit.jupiter.api.AssertNull.failNotNull(AssertNull.java:50)
	at app//org.junit.jupiter.api.AssertNull.assertNull(AssertNull.java:35)
	at app//org.junit.jupiter.api.AssertNull.assertNull(AssertNull.java:30)
	at app//org.junit.jupiter.api.Assertions.assertNull(Assertions.java:279)
	at app//fi.gekkio.ghidraboy.PcodeConstantsTest.extension truncation concatenation and wrap have explicit widths(PcodeConstantsTest.kt:59)
	at java.base@21.0.12.1/java.lang.reflect.Method.invoke(Method.java:580)
	at java.base@21.0.12.1/java.util.ArrayList.forEach(ArrayList.java:1596)
	at java.base@21.0.12.1/java.util.ArrayList.forEach(ArrayList.java:1596)
</failure>
  </testcase>
  <testcase name="shifts respect operand width and unsigned counts without host modulo()" classname="fi.gekkio.ghidraboy.PcodeConstantsTest" time="0.003"/>
  <system-out><![CDATA[]]></system-out>
  <system-err><![CDATA[]]></system-err>
</testsuite>
