<?xml version="1.0" encoding="UTF-8"?>
<testsuite name="fi.gekkio.ghidraboy.SoftwareCallApplicationTest" tests="16" skipped="0" failures="0" errors="0" timestamp="2026-09-07T08:44:46.786Z" hostname="MacBookPro.localdomain" time="2.137">
  <properties/>
  <testcase name="compatible payload data survives apply removal and reapplication()" classname="fi.gekkio.ghidraboy.SoftwareCallApplicationTest" time="0.082"/>
  <testcase name="derived payload reads remain compatible without becoming recognition evidence()" classname="fi.gekkio.ghidraboy.SoftwareCallApplicationTest" time="0.062"/>
  <testcase name="reviewed false CALL_RETURN and noReturn repairs have reversible inventory()" classname="fi.gekkio.ghidraboy.SoftwareCallApplicationTest" time="0.04"/>
  <testcase name="explicit target purge and nested callfixup contracts reject without replacement()" classname="fi.gekkio.ghidraboy.SoftwareCallApplicationTest" time="0.03"/>
  <testcase name="removal clears unchanged neutral marker while preserving user noReturn edit()" classname="fi.gekkio.ghidraboy.SoftwareCallApplicationTest" time="0.031"/>
  <testcase name="missing native target function is created before ordinary analysis and stays current()" classname="fi.gekkio.ghidraboy.SoftwareCallApplicationTest" time="1.595"/>
  <testcase name="final cancellation rolls back production registry payload and helper changes()" classname="fi.gekkio.ghidraboy.SoftwareCallApplicationTest" time="0.045"/>
  <testcase name="reviewed payload body and false thunk repairs preserve source knowledge()" classname="fi.gekkio.ghidraboy.SoftwareCallApplicationTest" time="0.037"/>
  <testcase name="helper signature edit survives removal without restoring false thunk()" classname="fi.gekkio.ghidraboy.SoftwareCallApplicationTest" time="0.026"/>
  <testcase name="removal never delegates setters through a new user thunk()" classname="fi.gekkio.ghidraboy.SoftwareCallApplicationTest" time="0.024"/>
  <testcase name="forged reviewed inventory is rejected before opening a mutation transaction()" classname="fi.gekkio.ghidraboy.SoftwareCallApplicationTest" time="0.02"/>
  <testcase name="later payload comment and continuation edits survive removal()" classname="fi.gekkio.ghidraboy.SoftwareCallApplicationTest" time="0.043"/>
  <testcase name="payload extent overlap and symbols conflict without clearing knowledge()" classname="fi.gekkio.ghidraboy.SoftwareCallApplicationTest" time="0.013"/>
  <testcase name="review rejects new payload comments and preserves enclosing edits()" classname="fi.gekkio.ghidraboy.SoftwareCallApplicationTest" time="0.013"/>
  <testcase name="multiple payload repairs in one body restore the complete original inventory()" classname="fi.gekkio.ghidraboy.SoftwareCallApplicationTest" time="0.045"/>
  <testcase name="later call reference edits veto live interpretation()" classname="fi.gekkio.ghidraboy.SoftwareCallApplicationTest" time="0.029"/>
  <system-out><![CDATA[INFO  Packed database cache: /var/tmp/joshuahansen-ghidra/packed-db-cache (PackedDatabaseCache)  
INFO  Applied data type archive: generic_clib (ApplyDataArchiveAnalyzer)  
INFO  -----------------------------------------------------
    ASCII Strings                              0.140 secs
    Apply Data Archives                        0.560 secs
    Basic Constant Reference Analyzer          0.024 secs
    Call Convention ID                         0.001 secs
    Call-Fixup Installer                       0.001 secs
    Create Function                            0.000 secs
    Decompiler Switch Analysis                 0.324 secs
    Demangler GNU                              0.003 secs
    Disassemble Entry Points                   0.005 secs
    Embedded Media                             0.006 secs
    External Entry References                  0.000 secs
    Function ID                                0.027 secs
    Non-Returning Functions - Discovered       0.000 secs
    Shared Return Calls                        0.001 secs
    Stack                                      0.024 secs
    Subroutine References                      0.000 secs
-----------------------------------------------------
     Total Time   1 secs
-----------------------------------------------------
 (AutoAnalysisManager)  
INFO  Applied data type archive: generic_clib (ApplyDataArchiveAnalyzer)  
]]></system-out>
  <system-err><![CDATA[]]></system-err>
</testsuite>
