<?xml version="1.0" encoding="UTF-8"?>
<testsuite name="fi.gekkio.ghidraboy.SoftwareCallExecutionTest" tests="7" skipped="0" failures="0" errors="0" timestamp="2026-09-07T08:44:49.644Z" hostname="MacBookPro.localdomain" time="0.353">
  <properties/>
  <testcase name="nested wrappers distinguish restoring nonrestoring and constant return banks while preserving result flags()" classname="fi.gekkio.ghidraboy.SoftwareCallExecutionTest" time="0.149"/>
  <testcase name="recognized register templates preserve callee flags and expose their actual register clobbers()" classname="fi.gekkio.ghidraboy.SoftwareCallExecutionTest" time="0.074"/>
  <testcase name="manual continuation and RET target transfer consume distinct pushed words()" classname="fi.gekkio.ghidraboy.SoftwareCallExecutionTest" time="0.019"/>
  <testcase name="conditional target may return loop or discard its caller frame for a nonlocal exit()" classname="fi.gekkio.ghidraboy.SoftwareCallExecutionTest" time="0.037"/>
  <testcase name="a stale bank shadow restores its value rather than the physical entry selector()" classname="fi.gekkio.ghidraboy.SoftwareCallExecutionTest" time="0.012"/>
  <testcase name="hardware CALL and register transfer retain both real return frames()" classname="fi.gekkio.ghidraboy.SoftwareCallExecutionTest" time="0.02"/>
  <testcase name="three and four inline bytes adjust continuation without executing payload()" classname="fi.gekkio.ghidraboy.SoftwareCallExecutionTest" time="0.04"/>
  <system-out><![CDATA[]]></system-out>
  <system-err><![CDATA[]]></system-err>
</testsuite>
