<?xml version="1.0" encoding="UTF-8"?>
<testsuite name="fi.gekkio.ghidraboy.SoftwareCallValidationTest" tests="8" skipped="0" failures="0" errors="0" timestamp="2026-09-07T08:44:55.263Z" hostname="MacBookPro.localdomain" time="0.095">
  <properties/>
  <testcase name="Program validates exact manual RST restoring and constant entries()" classname="fi.gekkio.ghidraboy.SoftwareCallValidationTest" time="0.026"/>
  <testcase name="forged preview configuration or frame does not validate()" classname="fi.gekkio.ghidraboy.SoftwareCallValidationTest" time="0.01"/>
  <testcase name="entry premises cannot contradict known Program context()" classname="fi.gekkio.ghidraboy.SoftwareCallValidationTest" time="0.006"/>
  <testcase name="banked inline payload follows selector transition and leaves unconsumed old bank annotations intact()" classname="fi.gekkio.ghidraboy.SoftwareCallValidationTest" time="0.009"/>
  <testcase name="Program preview consumes real payload and preserves listing()" classname="fi.gekkio.ghidraboy.SoftwareCallValidationTest" time="0.023"/>
  <testcase name="reference only edits invalidate preview and payload references conflict()" classname="fi.gekkio.ghidraboy.SoftwareCallValidationTest" time="0.008"/>
  <testcase name="helper byte mutation invalidates saved preview and new recognition()" classname="fi.gekkio.ghidraboy.SoftwareCallValidationTest" time="0.007"/>
  <testcase name="helper interpretation overrides do not become raw template evidence()" classname="fi.gekkio.ghidraboy.SoftwareCallValidationTest" time="0.005"/>
  <system-out><![CDATA[]]></system-out>
  <system-err><![CDATA[]]></system-err>
</testsuite>
