<?xml version="1.0" encoding="UTF-8"?>
<testsuite name="fi.gekkio.ghidraboy.SoftwareCallAnalysisTest" tests="1" skipped="0" failures="0" errors="0" timestamp="2026-09-07T20:31:11.304Z" hostname="MacBookPro.localdomain" time="0.037">
  <properties/>
  <testcase name="bounded analysis consumes effects only after caller instructions establish premises()" classname="fi.gekkio.ghidraboy.SoftwareCallAnalysisTest" time="0.037"/>
  <system-out><![CDATA[]]></system-out>
  <system-err><![CDATA[]]></system-err>
</testsuite>
