<?xml version="1.0" encoding="UTF-8"?>
<testsuite name="fi.gekkio.ghidraboy.CartridgeTest" tests="10" skipped="0" failures="0" errors="0" timestamp="2026-09-07T20:30:09.411Z" hostname="MacBookPro.localdomain" time="27.697">
  <properties/>
  <testcase name="512 physical ROM banks and upper window zero have exact source mappings()" classname="fi.gekkio.ghidraboy.CartridgeTest" time="26.368"/>
  <testcase name="MBC2 nibble address selection RTC and rumble distinctions()" classname="fi.gekkio.ghidraboy.CartridgeTest" time="0.002"/>
  <testcase name="malformed and cancelled loads leave no partial program()" classname="fi.gekkio.ghidraboy.CartridgeTest" time="0.005"/>
  <testcase name="required block creation failure rolls back instead of reporting success()" classname="fi.gekkio.ghidraboy.CartridgeTest" time="0.005"/>
  <testcase name="symbols reimport reload and current export preserve user edits()" classname="fi.gekkio.ghidraboy.CartridgeTest" time="0.017"/>
  <testcase name="header big endian identity patches and renamed split mappings()" classname="fi.gekkio.ghidraboy.CartridgeTest" time="0.425"/>
  <testcase name="boot code readable with no fabricated header and hole offsets preserved()" classname="fi.gekkio.ghidraboy.CartridgeTest" time="0.008"/>
  <testcase name="MBC5 nine bits bank zero and MBC1 substitution before mask()" classname="fi.gekkio.ghidraboy.CartridgeTest" time="0.014"/>
  <testcase name="detached conflicting ROM copy is rejected and checksum repair is explicit()" classname="fi.gekkio.ghidraboy.CartridgeTest" time="0.837"/>
  <testcase name="distinct WRAM banks and echoes share storage()" classname="fi.gekkio.ghidraboy.CartridgeTest" time="0.013"/>
  <system-out><![CDATA[WARN  More than 100 address segments have been created! (AddressMapDB)  
]]></system-out>
  <system-err><![CDATA[]]></system-err>
</testsuite>
