<?xml version="1.0" encoding="UTF-8"?>
<testsuite name="fi.gekkio.ghidraboy.AnalysisBoundaryTest" tests="2" skipped="0" failures="0" errors="0" timestamp="2026-09-07T20:29:55.433Z" hostname="MacBookPro.localdomain" time="0.345">
  <properties/>
  <testcase name="PC wrap follows the established low ROM window()" classname="fi.gekkio.ghidraboy.AnalysisBoundaryTest" time="0.233"/>
  <testcase name="relative cross-window instruction fetch requires the correct physical bytes()" classname="fi.gekkio.ghidraboy.AnalysisBoundaryTest" time="0.111"/>
  <system-out><![CDATA[]]></system-out>
  <system-err><![CDATA[]]></system-err>
</testsuite>
