<?xml version="1.0" encoding="UTF-8"?>
<testsuite name="fi.gekkio.ghidraboy.SoftwareCallContinuationPreservationTest" tests="1" skipped="0" failures="0" errors="0" timestamp="2026-09-07T20:31:13.280Z" hostname="MacBookPro.localdomain" time="0.038">
  <properties/>
  <testcase name="later configured manually pushed continuation retains physical native call and wrapper effects()" classname="fi.gekkio.ghidraboy.SoftwareCallContinuationPreservationTest" time="0.038"/>
  <system-out><![CDATA[]]></system-out>
  <system-err><![CDATA[]]></system-err>
</testsuite>
