<?xml version="1.0" encoding="UTF-8"?>
<testsuite name="fi.gekkio.ghidraboy.SoftwareCallStateCalleeApplicationTest" tests="6" skipped="0" failures="0" errors="0" timestamp="2026-09-07T20:31:19.511Z" hostname="MacBookPro.localdomain" time="3.949">
  <properties/>
  <testcase name="fresh missing callee helper and continuation instructions become reviewed native state entries()" classname="fi.gekkio.ghidraboy.SoftwareCallStateCalleeApplicationTest" time="0.496"/>
  <testcase name="native public callee revisits one CPU PC in two physical banks()" classname="fi.gekkio.ghidraboy.SoftwareCallStateCalleeApplicationTest" time="0.444"/>
  <testcase name="conditional selector premises reach same CPU PC in different banks through normal native entries()" classname="fi.gekkio.ghidraboy.SoftwareCallStateCalleeApplicationTest" time="0.891"/>
  <testcase name="native callee banked data identities remain distinct at identical CPU address()" classname="fi.gekkio.ghidraboy.SoftwareCallStateCalleeApplicationTest" time="0.456"/>
  <testcase name="same Program retains both flag contexts and public canonical selection changes native physical path()" classname="fi.gekkio.ghidraboy.SoftwareCallStateCalleeApplicationTest" time="1.078"/>
  <testcase name="native nested ordinary calls restore prior bank before consuming live frames()" classname="fi.gekkio.ghidraboy.SoftwareCallStateCalleeApplicationTest" time="0.584"/>
  <system-out><![CDATA[]]></system-out>
  <system-err><![CDATA[]]></system-err>
</testsuite>
