<?xml version="1.0" encoding="UTF-8"?>
<testsuite name="fi.gekkio.ghidraboy.FlowIntegrityTest" tests="4" skipped="0" failures="0" errors="0" timestamp="2026-09-07T20:37:42.877Z" hostname="MacBookPro.localdomain" time="0.136">
  <properties/>
  <testcase name="transient reference mutation restored during preview still invalidates snapshot()" classname="fi.gekkio.ghidraboy.FlowIntegrityTest" time="0.014"/>
  <testcase name="reference-only mutations reproduce omitted dependency and invalidate apply and discovery()" classname="fi.gekkio.ghidraboy.FlowIntegrityTest" time="0.083"/>
  <testcase name="reference change during preview reports input changed with no proven candidates()" classname="fi.gekkio.ghidraboy.FlowIntegrityTest" time="0.009"/>
  <testcase name="supplemental generated data never supplies flow proof or invalidates reapplication()" classname="fi.gekkio.ghidraboy.FlowIntegrityTest" time="0.029"/>
  <system-out><![CDATA[]]></system-out>
  <system-err><![CDATA[]]></system-err>
</testsuite>
