<?xml version="1.0" encoding="UTF-8"?>
<testsuite name="fi.gekkio.ghidraboy.SoftwareCallContinuationPreservationTest" tests="1" skipped="0" failures="0" errors="0" timestamp="2026-09-07T20:38:17.185Z" hostname="MacBookPro.localdomain" time="0.035">
  <properties/>
  <testcase name="later configured manually pushed continuation retains physical native call and wrapper effects()" classname="fi.gekkio.ghidraboy.SoftwareCallContinuationPreservationTest" time="0.035"/>
  <system-out><![CDATA[]]></system-out>
  <system-err><![CDATA[]]></system-err>
</testsuite>
