<?xml version="1.0" encoding="UTF-8"?>
<testsuite name="fi.gekkio.ghidraboy.SoftwareCallStateContinuationApplicationTest" tests="11" skipped="0" failures="0" errors="0" timestamp="2026-09-07T20:38:27.189Z" hostname="MacBookPro.localdomain" time="5.865">
  <properties/>
  <testcase name="later configured restoring call keeps physical target wrapper effects and canonical navigation()" classname="fi.gekkio.ghidraboy.SoftwareCallStateContinuationApplicationTest" time="0.549"/>
  <testcase name="later ordinary callee revisits CPU under another bank and preserves internal memory effect()" classname="fi.gekkio.ghidraboy.SoftwareCallStateContinuationApplicationTest" time="0.751"/>
  <testcase name="later software nonlocal return preserves saved wrapper words for actual cleanup instructions()" classname="fi.gekkio.ghidraboy.SoftwareCallStateContinuationApplicationTest" time="0.748"/>
  <testcase name="public canonical and derived roots retain repeated CPU fetches from competing banks()" classname="fi.gekkio.ghidraboy.SoftwareCallStateContinuationApplicationTest" time="0.377"/>
  <testcase name="later configured constant-bank return preserves flags and actual wrapper bank()" classname="fi.gekkio.ghidraboy.SoftwareCallStateContinuationApplicationTest" time="0.52"/>
  <testcase name="later call register results justify indirect mapper write and subsequent physical fetch()" classname="fi.gekkio.ghidraboy.SoftwareCallStateContinuationApplicationTest" time="0.429"/>
  <testcase name="later manual software transfer preserves physical call and selected return bank()" classname="fi.gekkio.ghidraboy.SoftwareCallStateContinuationApplicationTest" time="0.503"/>
  <testcase name="later ordinary nonlocal return executes its actual destination instead of encoded continuation()" classname="fi.gekkio.ghidraboy.SoftwareCallStateContinuationApplicationTest" time="0.477"/>
  <testcase name="later ordinary call retains physical native target register flag and memory results()" classname="fi.gekkio.ghidraboy.SoftwareCallStateContinuationApplicationTest" time="0.404"/>
  <testcase name="later nonreturning native call terminates only its proved contextual alias()" classname="fi.gekkio.ghidraboy.SoftwareCallStateContinuationApplicationTest" time="0.588"/>
  <testcase name="banked data mutation invalidates paired roots and same interface sees reviewed new values()" classname="fi.gekkio.ghidraboy.SoftwareCallStateContinuationApplicationTest" time="0.517"/>
  <system-out><![CDATA[]]></system-out>
  <system-err><![CDATA[]]></system-err>
</testsuite>
