<?xml version="1.0" encoding="UTF-8"?>
<testsuite name="fi.gekkio.ghidraboy.FarCallReviewTest" tests="5" skipped="0" failures="0" errors="0" timestamp="2026-09-07T10:03:20.756Z" hostname="MacBookPro.localdomain" time="0.281">
  <properties/>
  <testcase name="stale apply does not abort unrelated edits in an enclosing transaction()" classname="fi.gekkio.ghidraboy.FarCallReviewTest" time="0.042"/>
  <testcase name="payload data instruction label and function boundary conflicts are review failures()" classname="fi.gekkio.ghidraboy.FarCallReviewTest" time="0.083"/>
  <testcase name="final cancellation rolls back the single site and saved convention()" classname="fi.gekkio.ghidraboy.FarCallReviewTest" time="0.03"/>
  <testcase name="review rejects changed helper payload context reference and contract()" classname="fi.gekkio.ghidraboy.FarCallReviewTest" time="0.093"/>
  <testcase name="review apply remove reapply preserves later continuation edit()" classname="fi.gekkio.ghidraboy.FarCallReviewTest" time="0.033"/>
  <system-out><![CDATA[]]></system-out>
  <system-err><![CDATA[]]></system-err>
</testsuite>
