<?xml version="1.0" encoding="UTF-8"?>
<testsuite name="fi.gekkio.ghidraboy.SoftwareCallAnalysisTest" tests="1" skipped="0" failures="1" errors="0" timestamp="2026-09-07T10:03:21.046Z" hostname="MacBookPro.localdomain" time="0.01">
  <properties/>
  <testcase name="bounded analysis consumes effects only after caller instructions establish premises()" classname="fi.gekkio.ghidraboy.SoftwareCallAnalysisTest" time="0.01">
    <failure message="java.lang.IllegalArgumentException: Continuation write overlaps the live return word" type="java.lang.IllegalArgumentException">java.lang.IllegalArgumentException: Continuation write overlaps the live return word
	at fi.gekkio.ghidraboy.SoftwareCallExecutionView.validateFixedWrite(SoftwareCallExecutionView.java:195)
	at fi.gekkio.ghidraboy.SoftwareCallExecutionView.continuationSegments(SoftwareCallExecutionView.java:165)
	at fi.gekkio.ghidraboy.SoftwareCallApplication.preview(SoftwareCallApplication.java:90)
	at fi.gekkio.ghidraboy.SoftwareCallAnalysisTest.bounded analysis consumes effects only after caller instructions establish premises(SoftwareCallAnalysisTest.kt:50)
	at java.base/java.lang.reflect.Method.invoke(Method.java:580)
	at java.base/java.util.ArrayList.forEach(ArrayList.java:1596)
	at java.base/java.util.ArrayList.forEach(ArrayList.java:1596)
</failure>
  </testcase>
  <system-out><![CDATA[]]></system-out>
  <system-err><![CDATA[]]></system-err>
</testsuite>
