<?xml version="1.0" encoding="UTF-8"?>
<testsuite name="fi.gekkio.ghidraboy.InstructionInterpretationTest" tests="5" skipped="0" failures="0" errors="0" timestamp="2026-09-07T10:58:07.341Z" hostname="MacBookPro.localdomain" time="0.08">
  <properties/>
  <testcase name="inline payload convention annotations require unresolved effect summary()" classname="fi.gekkio.ghidraboy.InstructionInterpretationTest" time="0.025"/>
  <testcase name="callfixup dependency invalidates preview without hashing bare discovered functions()" classname="fi.gekkio.ghidraboy.InstructionInterpretationTest" time="0.024"/>
  <testcase name="banked physical callee fixup is unresolved before architectural effects()" classname="fi.gekkio.ghidraboy.InstructionInterpretationTest" time="0.01"/>
  <testcase name="compiled call stack effects stay architectural and modified call and branch stop()" classname="fi.gekkio.ghidraboy.InstructionInterpretationTest" time="0.01"/>
  <testcase name="conditional decoded edge retains conditional pcode and both destinations()" classname="fi.gekkio.ghidraboy.InstructionInterpretationTest" time="0.011"/>
  <system-out><![CDATA[WARN  Undefined CallFixup set at 2000: unmodeled_sa00_fixup (FunctionDB)  
WARN  Undefined CallFixup set at rom2::4000: unmodeled_bank_fixup (FunctionDB)  
]]></system-out>
  <system-err><![CDATA[]]></system-err>
</testsuite>
