<?xml version="1.0" encoding="UTF-8"?>
<testsuite name="fi.gekkio.ghidraboy.decompiler.DecompilerTest" tests="8" skipped="0" failures="0" errors="0" timestamp="2026-09-05T09:43:46.333Z" hostname="MacBookPro.localdomain" time="1.841">
  <properties/>
  <testcase name="memcpy()" classname="fi.gekkio.ghidraboy.decompiler.DecompilerTest" time="0.235"/>
  <testcase name="memset()" classname="fi.gekkio.ghidraboy.decompiler.DecompilerTest" time="0.235"/>
  <testcase name="sla8_to_16()" classname="fi.gekkio.ghidraboy.decompiler.DecompilerTest" time="0.236"/>
  <testcase name="Github issue 10()" classname="fi.gekkio.ghidraboy.decompiler.DecompilerTest" time="0.234"/>
  <testcase name="upper nibble popcount()" classname="fi.gekkio.ghidraboy.decompiler.DecompilerTest" time="0.221"/>
  <testcase name="simple decompilation works()" classname="fi.gekkio.ghidraboy.decompiler.DecompilerTest" time="0.22"/>
  <testcase name="read_joypad_state()" classname="fi.gekkio.ghidraboy.decompiler.DecompilerTest" time="0.235"/>
  <testcase name="DAA decompilation()" classname="fi.gekkio.ghidraboy.decompiler.DecompilerTest" time="0.222"/>
  <system-out><![CDATA[]]></system-out>
  <system-err><![CDATA[]]></system-err>
</testsuite>
