<?xml version="1.0" encoding="UTF-8"?>
<testsuite name="fi.gekkio.ghidraboy.CartridgeBusTest" tests="15" skipped="0" failures="0" errors="0" timestamp="2026-09-07T04:12:39.496Z" hostname="MacBookPro.localdomain" time="2.703">
  <properties/>
  <testcase name="older and unknown userops are not mistaken for direct writes()" classname="fi.gekkio.ghidraboy.CartridgeBusTest" time="0.004"/>
  <testcase name="explicit RAW selection overrides a valid MBC5 header without invented controls()" classname="fi.gekkio.ghidraboy.CartridgeBusTest" time="0.298"/>
  <testcase name="encoded SP stores perform ordered mapper and wrapping bus byte writes()" classname="fi.gekkio.ghidraboy.CartridgeBusTest" time="0.094"/>
  <testcase name="legacy write reference cannot forward mapper value into ROM read()" classname="fi.gekkio.ghidraboy.CartridgeBusTest" time="0.234"/>
  <testcase name="cartridge overlay caller writes CPU control port and reads fixed ROM()" classname="fi.gekkio.ghidraboy.CartridgeBusTest" time="0.231"/>
  <testcase name="bank analysis consumes the same direct control write hook()" classname="fi.gekkio.ghidraboy.CartridgeBusTest" time="0.02"/>
  <testcase name="diagnostic overflow drops only old records and preserves every write effect()" classname="fi.gekkio.ghidraboy.CartridgeBusTest" time="0.014"/>
  <testcase name="flat overlay stores retain their original address space()" classname="fi.gekkio.ghidraboy.CartridgeBusTest" time="0.22"/>
  <testcase name="flat CPU SP store wraps across FFFF and zero()" classname="fi.gekkio.ghidraboy.CartridgeBusTest" time="0.005"/>
  <testcase name="native SP control stores expose ordered low and high effects()" classname="fi.gekkio.ghidraboy.CartridgeBusTest" time="0.23"/>
  <testcase name="unadorned flat CPU direct writes retain ordinary memory semantics()" classname="fi.gekkio.ghidraboy.CartridgeBusTest" time="0.22"/>
  <testcase name="unsupported mapper descriptor remains raw without invented controls()" classname="fi.gekkio.ghidraboy.CartridgeBusTest" time="0.229"/>
  <testcase name="cartridge ordinary RAM stores stay native stores()" classname="fi.gekkio.ghidraboy.CartridgeBusTest" time="0.227"/>
  <testcase name="verified MBC5 direct control write preserves immutable fixed ROM read()" classname="fi.gekkio.ghidraboy.CartridgeBusTest" time="0.656"/>
  <testcase name="bounded context rejects unsupported indirect control store before ROM mutation()" classname="fi.gekkio.ghidraboy.CartridgeBusTest" time="0.017"/>
  <system-out><![CDATA[
void bus_fixture(void)

{
                    /* WARNING: Read-only address (ram,0x2000) is written */
  DAT_2000 = 2;
  return;
}


WARN  Uninitialized memory read at 0153: ram:7fff:1 (EmulatorHelper)  

void bus_fixture(void)

{
  gb_cartridge_write8(0x2000,2);
  DAT_c000 = DAT_2000;
  return;
}



void overlay_bus(void)

{
  gb_cartridge_write8(0x2000,2);
  DAT_c000 = 0x5a;
  return;
}



void overlay_bus(void)

{
  DAT_view__4020 = 2;
  DAT_c000 = 2;
  return;
}



void bus_fixture(void)

{
  gb_cartridge_write8(0x2fff,0);
  gb_cartridge_write8(0x3000,(char)((uint)&stack0x0000 >> 8));
  return;
}



void bus_fixture(void)

{
  DAT_2000 = 2;
  DAT_c000 = 2;
  return;
}



void bus_fixture(void)

{
                    /* WARNING: Read-only address (ram,0x2000) is written */
  DAT_2000 = 2;
  return;
}



void bus_fixture(void)

{
  DAT_c001 = 2;
  DAT_c000 = 2;
  return;
}



void bus_fixture(void)

{
  gb_cartridge_write8(0x2000,2);
  DAT_c000 = 0x5a;
  return;
}


ERROR Emulation failure at 0155: direct bus fixture (EmulatorHelper) java.lang.IllegalStateException: Unsupported cartridge-control STORE at 2000; bounded context requires direct write hooks
	at fi.gekkio.ghidraboy.CartridgeBusEmulation$GuardBank.setChunk(CartridgeBusEmulation.java:107)
	at ghidra.pcode.memstate.DefaultMemoryState.setChunk(DefaultMemoryState.java:126)
	at ghidra.app.emulator.FilteredMemoryState.setChunk(FilteredMemoryState.java:50)
	at ghidra.pcode.memstate.AbstractMemoryState.setValue(AbstractMemoryState.java:87)
	at ghidra.pcode.emulate.Emulate.executeStore(Emulate.java:617)
	at ghidra.pcode.emulate.Emulate.executeCurrentOp(Emulate.java:534)
	at ghidra.pcode.emulate.Emulate.executeInstruction(Emulate.java:440)
	at ghidra.app.emulator.DefaultEmulator.executeInstruction(DefaultEmulator.java:367)
	at ghidra.app.emulator.EmulatorHelper.executeInstruction(EmulatorHelper.java:543)
	at ghidra.app.emulator.EmulatorHelper.step(EmulatorHelper.java:598)
	at fi.gekkio.ghidraboy.CartridgeBusTest.bounded_context_rejects_unsupported_indirect_control_store_before_ROM_mutation$lambda$38(CartridgeBusTest.kt:436)
	at fi.gekkio.ghidraboy.CartridgeBusTest.fixture(CartridgeBusTest.kt:65)
	at fi.gekkio.ghidraboy.CartridgeBusTest.fixture$default(CartridgeBusTest.kt:24)
	at fi.gekkio.ghidraboy.CartridgeBusTest.bounded context rejects unsupported indirect control store before ROM mutation(CartridgeBusTest.kt:429)
	at java.base/jdk.internal.reflect.DirectMethodHandleAccessor.invoke(DirectMethodHandleAccessor.java:103)
	at java.base/java.lang.reflect.Method.invoke(Method.java:580)
	at org.junit.platform.commons.util.ReflectionUtils.invokeMethod(ReflectionUtils.java:787)
	at org.junit.platform.commons.support.ReflectionSupport.invokeMethod(ReflectionSupport.java:478)
	at org.junit.jupiter.engine.execution.MethodInvocation.proceed(MethodInvocation.java:60)
	at org.junit.jupiter.engine.execution.InvocationInterceptorChain$ValidatingInvocation.proceed(InvocationInterceptorChain.java:131)
	at org.junit.jupiter.engine.extension.TimeoutExtension.intercept(TimeoutExtension.java:161)
	at org.junit.jupiter.engine.extension.TimeoutExtension.interceptTestableMethod(TimeoutExtension.java:152)
	at org.junit.jupiter.engine.extension.TimeoutExtension.interceptTestMethod(TimeoutExtension.java:91)
	at org.junit.jupiter.engine.execution.InterceptingExecutableInvoker$ReflectiveInterceptorCall.lambda$ofVoidMethod$0(InterceptingExecutableInvoker.java:112)
	at org.junit.jupiter.engine.execution.InterceptingExecutableInvoker.lambda$invoke$0(InterceptingExecutableInvoker.java:94)
	at org.junit.jupiter.engine.execution.InvocationInterceptorChain$InterceptedInvocation.proceed(InvocationInterceptorChain.java:106)
	at org.junit.jupiter.engine.execution.InvocationInterceptorChain.proceed(InvocationInterceptorChain.java:64)
	at org.junit.jupiter.engine.execution.InvocationInterceptorChain.chainAndInvoke(InvocationInterceptorChain.java:45)
	at org.junit.jupiter.engine.execution.InvocationInterceptorChain.invoke(InvocationInterceptorChain.java:37)
	at org.junit.jupiter.engine.execution.InterceptingExecutableInvoker.invoke(InterceptingExecutableInvoker.java:93)
	at org.junit.jupiter.engine.execution.InterceptingExecutableInvoker.invoke(InterceptingExecutableInvoker.java:87)
	at org.junit.jupiter.engine.descriptor.TestMethodTestDescriptor.lambda$invokeTestMethod$4(TestMethodTestDescriptor.java:221)
	at org.junit.platform.engine.support.hierarchical.ThrowableCollector.execute(ThrowableCollector.java:73)
	at org.junit.jupiter.engine.descriptor.TestMethodTestDescriptor.invokeTestMethod(TestMethodTestDescriptor.java:217)
	at org.junit.jupiter.engine.descriptor.TestMethodTestDescriptor.execute(TestMethodTestDescriptor.java:159)
	at org.junit.jupiter.engine.descriptor.TestMethodTestDescriptor.execute(TestMethodTestDescriptor.java:70)
	at org.junit.platform.engine.support.hierarchical.NodeTestTask.lambda$executeRecursively$6(NodeTestTask.java:157)
	at org.junit.platform.engine.support.hierarchical.ThrowableCollector.execute(ThrowableCollector.java:73)
	at org.junit.platform.engine.support.hierarchical.NodeTestTask.lambda$executeRecursively$8(NodeTestTask.java:147)
	at org.junit.platform.engine.support.hierarchical.Node.around(Node.java:137)
	at org.junit.platform.engine.support.hierarchical.NodeTestTask.lambda$executeRecursively$9(NodeTestTask.java:145)
	at org.junit.platform.engine.support.hierarchical.ThrowableCollector.execute(ThrowableCollector.java:73)
	at org.junit.platform.engine.support.hierarchical.NodeTestTask.executeRecursively(NodeTestTask.java:144)
	at org.junit.platform.engine.support.hierarchical.NodeTestTask.execute(NodeTestTask.java:101)
	at java.base/java.util.ArrayList.forEach(ArrayList.java:1596)
	at org.junit.platform.engine.support.hierarchical.SameThreadHierarchicalTestExecutorService.invokeAll(SameThreadHierarchicalTestExecutorService.java:41)
	at org.junit.platform.engine.support.hierarchical.NodeTestTask.lambda$executeRecursively$6(NodeTestTask.java:161)
	at org.junit.platform.engine.support.hierarchical.ThrowableCollector.execute(ThrowableCollector.java:73)
	at org.junit.platform.engine.support.hierarchical.NodeTestTask.lambda$executeRecursively$8(NodeTestTask.java:147)
	at org.junit.platform.engine.support.hierarchical.Node.around(Node.java:137)
	at org.junit.platform.engine.support.hierarchical.NodeTestTask.lambda$executeRecursively$9(NodeTestTask.java:145)
	at org.junit.platform.engine.support.hierarchical.ThrowableCollector.execute(ThrowableCollector.java:73)
	at org.junit.platform.engine.support.hierarchical.NodeTestTask.executeRecursively(NodeTestTask.java:144)
	at org.junit.platform.engine.support.hierarchical.NodeTestTask.execute(NodeTestTask.java:101)
	at java.base/java.util.ArrayList.forEach(ArrayList.java:1596)
	at org.junit.platform.engine.support.hierarchical.SameThreadHierarchicalTestExecutorService.invokeAll(SameThreadHierarchicalTestExecutorService.java:41)
	at org.junit.platform.engine.support.hierarchical.NodeTestTask.lambda$executeRecursively$6(NodeTestTask.java:161)
	at org.junit.platform.engine.support.hierarchical.ThrowableCollector.execute(ThrowableCollector.java:73)
	at org.junit.platform.engine.support.hierarchical.NodeTestTask.lambda$executeRecursively$8(NodeTestTask.java:147)
	at org.junit.platform.engine.support.hierarchical.Node.around(Node.java:137)
	at org.junit.platform.engine.support.hierarchical.NodeTestTask.lambda$executeRecursively$9(NodeTestTask.java:145)
	at org.junit.platform.engine.support.hierarchical.ThrowableCollector.execute(ThrowableCollector.java:73)
	at org.junit.platform.engine.support.hierarchical.NodeTestTask.executeRecursively(NodeTestTask.java:144)
	at org.junit.platform.engine.support.hierarchical.NodeTestTask.execute(NodeTestTask.java:101)
	at org.junit.platform.engine.support.hierarchical.SameThreadHierarchicalTestExecutorService.submit(SameThreadHierarchicalTestExecutorService.java:35)
	at org.junit.platform.engine.support.hierarchical.HierarchicalTestExecutor.execute(HierarchicalTestExecutor.java:57)
	at org.junit.platform.engine.support.hierarchical.HierarchicalTestEngine.execute(HierarchicalTestEngine.java:54)
	at org.junit.platform.launcher.core.EngineExecutionOrchestrator.executeEngine(EngineExecutionOrchestrator.java:230)
	at org.junit.platform.launcher.core.EngineExecutionOrchestrator.failOrExecuteEngine(EngineExecutionOrchestrator.java:204)
	at org.junit.platform.launcher.core.EngineExecutionOrchestrator.execute(EngineExecutionOrchestrator.java:172)
	at org.junit.platform.launcher.core.EngineExecutionOrchestrator.execute(EngineExecutionOrchestrator.java:101)
	at org.junit.platform.launcher.core.EngineExecutionOrchestrator.lambda$execute$0(EngineExecutionOrchestrator.java:64)
	at org.junit.platform.launcher.core.EngineExecutionOrchestrator.withInterceptedStreams(EngineExecutionOrchestrator.java:150)
	at org.junit.platform.launcher.core.EngineExecutionOrchestrator.execute(EngineExecutionOrchestrator.java:63)
	at org.junit.platform.launcher.core.DefaultLauncher.execute(DefaultLauncher.java:109)
	at org.junit.platform.launcher.core.DefaultLauncher.execute(DefaultLauncher.java:91)
	at org.junit.platform.launcher.core.DelegatingLauncher.execute(DelegatingLauncher.java:47)
	at org.junit.platform.launcher.core.InterceptingLauncher.lambda$execute$1(InterceptingLauncher.java:39)
	at org.junit.platform.launcher.core.ClasspathAlignmentCheckingLauncherInterceptor.intercept(ClasspathAlignmentCheckingLauncherInterceptor.java:25)
	at org.junit.platform.launcher.core.InterceptingLauncher.execute(InterceptingLauncher.java:38)
	at org.junit.platform.launcher.core.DelegatingLauncher.execute(DelegatingLauncher.java:47)
	at org.gradle.api.internal.tasks.testing.junitplatform.JUnitPlatformTestClassProcessor$CollectAllTestClassesExecutor.processAllTestClasses(JUnitPlatformTestClassProcessor.java:135)
	at org.gradle.api.internal.tasks.testing.junitplatform.JUnitPlatformTestClassProcessor$CollectAllTestClassesExecutor.access$000(JUnitPlatformTestClassProcessor.java:110)
	at org.gradle.api.internal.tasks.testing.junitplatform.JUnitPlatformTestClassProcessor.stop(JUnitPlatformTestClassProcessor.java:104)
	at org.gradle.api.internal.tasks.testing.SuiteTestClassProcessor.stop(SuiteTestClassProcessor.java:64)
	at java.base/jdk.internal.reflect.DirectMethodHandleAccessor.invoke(DirectMethodHandleAccessor.java:103)
	at java.base/java.lang.reflect.Method.invoke(Method.java:580)
	at org.gradle.internal.dispatch.ReflectionDispatch.dispatch(ReflectionDispatch.java:36)
	at org.gradle.internal.dispatch.ReflectionDispatch.dispatch(ReflectionDispatch.java:24)
	at org.gradle.internal.dispatch.ContextClassLoaderDispatch.dispatch(ContextClassLoaderDispatch.java:33)
	at org.gradle.internal.dispatch.ProxyDispatchAdapter$DispatchingInvocationHandler.invoke(ProxyDispatchAdapter.java:92)
	at jdk.proxy1/jdk.proxy1.$Proxy4.stop(Unknown Source)
	at org.gradle.api.internal.tasks.testing.worker.TestWorker$3.run(TestWorker.java:200)
	at org.gradle.api.internal.tasks.testing.worker.TestWorker.executeAndMaintainThreadName(TestWorker.java:132)
	at org.gradle.api.internal.tasks.testing.worker.TestWorker.execute(TestWorker.java:103)
	at org.gradle.api.internal.tasks.testing.worker.TestWorker.execute(TestWorker.java:63)
	at org.gradle.process.internal.worker.child.ActionExecutionWorker.execute(ActionExecutionWorker.java:56)
	at org.gradle.process.internal.worker.child.SystemApplicationClassLoaderWorker.call(SystemApplicationClassLoaderWorker.java:122)
	at org.gradle.process.internal.worker.child.SystemApplicationClassLoaderWorker.call(SystemApplicationClassLoaderWorker.java:72)
	at worker.org.gradle.process.internal.worker.GradleWorkerMain.run(GradleWorkerMain.java:69)
	at worker.org.gradle.process.internal.worker.GradleWorkerMain.main(GradleWorkerMain.java:74)
 
]]></system-out>
  <system-err><![CDATA[]]></system-err>
</testsuite>
