<?xml version="1.0" encoding="UTF-8"?>
<testsuite name="fi.gekkio.ghidraboy.emu.ArithmeticInstructionTest" tests="5" skipped="0" failures="0" errors="0" timestamp="2026-09-07T04:13:48.044Z" hostname="MacBookPro.localdomain" time="1.45">
  <properties/>
  <testcase name="SBC exhaustive inputs and carry()" classname="fi.gekkio.ghidraboy.emu.ArithmeticInstructionTest" time="0.716"/>
  <testcase name="DAA exhaustive including non BCD inputs()" classname="fi.gekkio.ghidraboy.emu.ArithmeticInstructionTest" time="0.021"/>
  <testcase name="overlapping arithmetic operands()" classname="fi.gekkio.ghidraboy.emu.ArithmeticInstructionTest" time="0.008"/>
  <testcase name="ADC exhaustive inputs and carry()" classname="fi.gekkio.ghidraboy.emu.ArithmeticInstructionTest" time="0.702"/>
  <testcase name="POP AF normalizes flags()" classname="fi.gekkio.ghidraboy.emu.ArithmeticInstructionTest" time="0.003"/>
  <system-out><![CDATA[]]></system-out>
  <system-err><![CDATA[]]></system-err>
</testsuite>
