<?xml version="1.0" encoding="UTF-8"?>
<testsuite name="fi.gekkio.ghidraboy.SoftwareCallDerivedFlowIntegrityTest" tests="2" skipped="0" failures="2" errors="0" timestamp="2026-09-07T22:39:43.513Z" hostname="MacBookPro.localdomain" time="2.452">
  <properties/>
  <testcase name="supplementary continuation can be independently decompiled without following its untaken unmapped edge()" classname="fi.gekkio.ghidraboy.SoftwareCallDerivedFlowIntegrityTest" time="0.37">
    <failure message="org.opentest4j.AssertionFailedError: gb_call_view_291_4500_state1::4501: &#10;/* WARNING: Control flow encountered bad instruction data */&#10;/* WARNING: Function: FUN_0240 replaced with injection: ghidraboy_may_return_v1 */&#10;&#10;void UndefinedFunction_4501(void)&#10;&#10;{&#10;  byte extraout_F;&#10;  char cVar1;&#10;  &#10;  cVar1 = FUN_0240();&#10;  if (!(bool)((extraout_F &amp; 0x1f) &gt;&gt; 4)) {&#10;                    /* WARNING: Bad instruction - Truncating control flow here */&#10;    halt_baddata();&#10;  }&#10;  DAT_c200 = cVar1 + '\x01';&#10;  return;&#10;}&#10;&#10; ==&gt; expected: &lt;false&gt; but was: &lt;true&gt;" type="org.opentest4j.AssertionFailedError">org.opentest4j.AssertionFailedError: gb_call_view_291_4500_state1::4501: 
/* WARNING: Control flow encountered bad instruction data */
/* WARNING: Function: FUN_0240 replaced with injection: ghidraboy_may_return_v1 */

void UndefinedFunction_4501(void)

{
  byte extraout_F;
  char cVar1;
  
  cVar1 = FUN_0240();
  if (!(bool)((extraout_F &amp; 0x1f) &gt;&gt; 4)) {
                    /* WARNING: Bad instruction - Truncating control flow here */
    halt_baddata();
  }
  DAT_c200 = cVar1 + '\x01';
  return;
}

 ==&gt; expected: &lt;false&gt; but was: &lt;true&gt;
	at app//org.junit.jupiter.api.AssertionFailureBuilder.build(AssertionFailureBuilder.java:151)
	at app//org.junit.jupiter.api.AssertionFailureBuilder.buildAndThrow(AssertionFailureBuilder.java:132)
	at app//org.junit.jupiter.api.AssertFalse.failNotFalse(AssertFalse.java:63)
	at app//org.junit.jupiter.api.AssertFalse.assertFalse(AssertFalse.java:36)
	at app//org.junit.jupiter.api.Assertions.assertFalse(Assertions.java:239)
	at app//fi.gekkio.ghidraboy.SoftwareCallDerivedFlowIntegrityTest.verifyContinuation(SoftwareCallDerivedFlowIntegrityTest.kt:96)
	at app//fi.gekkio.ghidraboy.SoftwareCallDerivedFlowIntegrityTest.supplementary_continuation_can_be_independently_decompiled_without_following_its_untaken_unmapped_edge$lambda$10(SoftwareCallDerivedFlowIntegrityTest.kt:122)
	at app//fi.gekkio.ghidraboy.SoftwareCallDerivedFlowIntegrityTest.fixture(SoftwareCallDerivedFlowIntegrityTest.kt:71)
	at app//fi.gekkio.ghidraboy.SoftwareCallDerivedFlowIntegrityTest.supplementary continuation can be independently decompiled without following its untaken unmapped edge(SoftwareCallDerivedFlowIntegrityTest.kt:118)
	at java.base@21.0.12.1/java.lang.reflect.Method.invoke(Method.java:580)
	at java.base@21.0.12.1/java.util.ArrayList.forEach(ArrayList.java:1596)
	at java.base@21.0.12.1/java.util.ArrayList.forEach(ArrayList.java:1596)
</failure>
  </testcase>
  <testcase name="repeated ordinary analysis preserves all supplementary fragments and their independently opened continuation()" classname="fi.gekkio.ghidraboy.SoftwareCallDerivedFlowIntegrityTest" time="2.082">
    <failure message="org.opentest4j.AssertionFailedError: gb_call_view_291_4500_state1::4501: &#10;/* WARNING: Control flow encountered bad instruction data */&#10;/* WARNING: Function: FUN_0240 replaced with injection: ghidraboy_may_return_v1 */&#10;&#10;void UndefinedFunction_4501(void)&#10;&#10;{&#10;  byte extraout_F;&#10;  char cVar1;&#10;  &#10;  cVar1 = FUN_0240();&#10;  if (!(bool)((extraout_F &amp; 0x1f) &gt;&gt; 4)) {&#10;                    /* WARNING: Bad instruction - Truncating control flow here */&#10;    halt_baddata();&#10;  }&#10;  DAT_c200 = cVar1 + '\x01';&#10;  return;&#10;}&#10;&#10; ==&gt; expected: &lt;false&gt; but was: &lt;true&gt;" type="org.opentest4j.AssertionFailedError">org.opentest4j.AssertionFailedError: gb_call_view_291_4500_state1::4501: 
/* WARNING: Control flow encountered bad instruction data */
/* WARNING: Function: FUN_0240 replaced with injection: ghidraboy_may_return_v1 */

void UndefinedFunction_4501(void)

{
  byte extraout_F;
  char cVar1;
  
  cVar1 = FUN_0240();
  if (!(bool)((extraout_F &amp; 0x1f) &gt;&gt; 4)) {
                    /* WARNING: Bad instruction - Truncating control flow here */
    halt_baddata();
  }
  DAT_c200 = cVar1 + '\x01';
  return;
}

 ==&gt; expected: &lt;false&gt; but was: &lt;true&gt;
	at app//org.junit.jupiter.api.AssertionFailureBuilder.build(AssertionFailureBuilder.java:151)
	at app//org.junit.jupiter.api.AssertionFailureBuilder.buildAndThrow(AssertionFailureBuilder.java:132)
	at app//org.junit.jupiter.api.AssertFalse.failNotFalse(AssertFalse.java:63)
	at app//org.junit.jupiter.api.AssertFalse.assertFalse(AssertFalse.java:36)
	at app//org.junit.jupiter.api.Assertions.assertFalse(Assertions.java:239)
	at app//fi.gekkio.ghidraboy.SoftwareCallDerivedFlowIntegrityTest.verifyContinuation(SoftwareCallDerivedFlowIntegrityTest.kt:96)
	at app//fi.gekkio.ghidraboy.SoftwareCallDerivedFlowIntegrityTest.repeated_ordinary_analysis_preserves_all_supplementary_fragments_and_their_independently_opened_continuation$lambda$19(SoftwareCallDerivedFlowIntegrityTest.kt:139)
	at app//fi.gekkio.ghidraboy.SoftwareCallDerivedFlowIntegrityTest.fixture(SoftwareCallDerivedFlowIntegrityTest.kt:71)
	at app//fi.gekkio.ghidraboy.SoftwareCallDerivedFlowIntegrityTest.repeated ordinary analysis preserves all supplementary fragments and their independently opened continuation(SoftwareCallDerivedFlowIntegrityTest.kt:127)
	at java.base@21.0.12.1/java.lang.reflect.Method.invoke(Method.java:580)
	at java.base@21.0.12.1/java.util.ArrayList.forEach(ArrayList.java:1596)
	at java.base@21.0.12.1/java.util.ArrayList.forEach(ArrayList.java:1596)
</failure>
  </testcase>
  <system-out><![CDATA[WARN  Decompiling gb_call_view_291_4500_state1::4501, pcode error at 4507: Could not follow disassembly flow into non-existing memory at 4507 (DecompileCallback)  
WARN  Decompiling gb_call_view_291_4500_state1::4501, pcode error at 4507: Could not follow disassembly flow into non-existing memory at 4507 (DecompileCallback)  
INFO  Applied data type archive: generic_clib (ApplyDataArchiveAnalyzer)  
INFO  -----------------------------------------------------
    ASCII Strings                              0.005 secs
    Apply Data Archives                        0.060 secs
    Basic Constant Reference Analyzer          0.310 secs
    Call Convention ID                         0.000 secs
    Call-Fixup Installer                       0.000 secs
    Create Function                            0.000 secs
    Decompiler Switch Analysis                 1.158 secs
    Demangler GNU                              0.043 secs
    Disassemble Entry Points                   0.002 secs
    Embedded Media                             0.002 secs
    External Entry References                  0.000 secs
    Function ID                                0.001 secs
    Non-Returning Functions - Discovered       0.000 secs
    Shared Return Calls                        0.000 secs
    Stack                                      0.125 secs
    Subroutine References                      0.002 secs
-----------------------------------------------------
     Total Time   1 secs
-----------------------------------------------------
 (AutoAnalysisManager)  
WARN  Decompiling gb_call_view_291_4500_state1::4501, pcode error at 4507: Could not follow disassembly flow into non-existing memory at 4507 (DecompileCallback)  
]]></system-out>
  <system-err><![CDATA[]]></system-err>
</testsuite>
