<?xml version="1.0" encoding="UTF-8"?>
<testsuite name="fi.gekkio.ghidraboy.ReferenceOwnershipTest" tests="2" skipped="0" failures="0" errors="0" timestamp="2026-09-07T04:09:57.751Z" hostname="MacBookPro.localdomain" time="0.003">
  <properties/>
  <testcase name="historical receipt lacking primary evidence is retained even after another group is saved()" classname="fi.gekkio.ghidraboy.ReferenceOwnershipTest" time="0.001"/>
  <testcase name="unchanged receipt removes reference but primary edit relinquishes ownership()" classname="fi.gekkio.ghidraboy.ReferenceOwnershipTest" time="0.002"/>
  <system-out><![CDATA[]]></system-out>
  <system-err><![CDATA[]]></system-err>
</testsuite>
