<?xml version="1.0" encoding="UTF-8"?>
<testsuite name="fi.gekkio.ghidraboy.emu.ArithmeticInstructionTest" tests="5" skipped="0" failures="0" errors="0" timestamp="2026-09-07T04:10:02.477Z" hostname="MacBookPro.localdomain" time="1.401">
  <properties/>
  <testcase name="SBC exhaustive inputs and carry()" classname="fi.gekkio.ghidraboy.emu.ArithmeticInstructionTest" time="0.703"/>
  <testcase name="DAA exhaustive including non BCD inputs()" classname="fi.gekkio.ghidraboy.emu.ArithmeticInstructionTest" time="0.026"/>
  <testcase name="overlapping arithmetic operands()" classname="fi.gekkio.ghidraboy.emu.ArithmeticInstructionTest" time="0.007"/>
  <testcase name="ADC exhaustive inputs and carry()" classname="fi.gekkio.ghidraboy.emu.ArithmeticInstructionTest" time="0.662"/>
  <testcase name="POP AF normalizes flags()" classname="fi.gekkio.ghidraboy.emu.ArithmeticInstructionTest" time="0.002"/>
  <system-out><![CDATA[]]></system-out>
  <system-err><![CDATA[]]></system-err>
</testsuite>
