<?xml version="1.0" encoding="UTF-8"?>
<testsuite name="fi.gekkio.ghidraboy.SoftwareCallContinuationTest" tests="11" skipped="0" failures="0" errors="0" timestamp="2026-09-07T18:55:11.923Z" hostname="MacBookPro.localdomain" time="0.566">
  <properties/>
  <testcase name="nested later calls restore selected bank before returning to banked continuation()" classname="fi.gekkio.ghidraboy.SoftwareCallContinuationTest" time="0.327"/>
  <testcase name="later false noReturn remains a veto until matched return repair is reviewed()" classname="fi.gekkio.ghidraboy.SoftwareCallContinuationTest" time="0.048"/>
  <testcase name="indirect mapper write propagates physical fetch while retaining native bus veto()" classname="fi.gekkio.ghidraboy.SoftwareCallContinuationTest" time="0.022"/>
  <testcase name="banked data reads retain physical identities independent of code location()" classname="fi.gekkio.ghidraboy.SoftwareCallContinuationTest" time="0.024"/>
  <testcase name="conditional return uses proved flags and exact loops retain a back edge()" classname="fi.gekkio.ghidraboy.SoftwareCallContinuationTest" time="0.03"/>
  <testcase name="configured later restoring call preserves wrapper clobbers and verifies premises()" classname="fi.gekkio.ghidraboy.SoftwareCallContinuationTest" time="0.031"/>
  <testcase name="later ordinary call supplies real return frame registers flags and memory()" classname="fi.gekkio.ghidraboy.SoftwareCallContinuationTest" time="0.014"/>
  <testcase name="later consumed byte mutation changes dependencies and effect state()" classname="fi.gekkio.ghidraboy.SoftwareCallContinuationTest" time="0.023"/>
  <testcase name="same CPU PC is revisited in distinct physical banks without merging states()" classname="fi.gekkio.ghidraboy.SoftwareCallContinuationTest" time="0.014"/>
  <testcase name="unknown initial RAM and partially changed live return word remain unresolved()" classname="fi.gekkio.ghidraboy.SoftwareCallContinuationTest" time="0.021"/>
  <testcase name="known later nonlocal return preserves actual destination and popped stack()" classname="fi.gekkio.ghidraboy.SoftwareCallContinuationTest" time="0.01"/>
  <system-out><![CDATA[]]></system-out>
  <system-err><![CDATA[]]></system-err>
</testsuite>
