<?xml version="1.0" encoding="UTF-8"?>
<testsuite name="fi.gekkio.ghidraboy.SoftwareCallStateContinuationApplicationTest" tests="4" skipped="0" failures="4" errors="0" timestamp="2026-09-07T18:55:13.318Z" hostname="MacBookPro.localdomain" time="0.073">
  <properties/>
  <testcase name="later configured restoring call keeps physical target wrapper effects and canonical navigation()" classname="fi.gekkio.ghidraboy.SoftwareCallStateContinuationApplicationTest" time="0.029">
    <failure message="java.lang.IllegalArgumentException: List has more than one element." type="java.lang.IllegalArgumentException">java.lang.IllegalArgumentException: List has more than one element.
	at kotlin.collections.CollectionsKt___CollectionsKt.single(_Collections.kt:618)
	at fi.gekkio.ghidraboy.SoftwareCallStateContinuationApplicationTest.fixture(SoftwareCallStateContinuationApplicationTest.kt:48)
	at fi.gekkio.ghidraboy.SoftwareCallStateContinuationApplicationTest.fixture$default(SoftwareCallStateContinuationApplicationTest.kt:22)
	at fi.gekkio.ghidraboy.SoftwareCallStateContinuationApplicationTest.later configured restoring call keeps physical target wrapper effects and canonical navigation(SoftwareCallStateContinuationApplicationTest.kt:179)
	at java.base/java.lang.reflect.Method.invoke(Method.java:580)
	at java.base/java.util.ArrayList.forEach(ArrayList.java:1596)
	at java.base/java.util.ArrayList.forEach(ArrayList.java:1596)
</failure>
  </testcase>
  <testcase name="public canonical and derived roots retain repeated CPU fetches from competing banks()" classname="fi.gekkio.ghidraboy.SoftwareCallStateContinuationApplicationTest" time="0.015">
    <failure message="java.lang.IllegalArgumentException: List has more than one element." type="java.lang.IllegalArgumentException">java.lang.IllegalArgumentException: List has more than one element.
	at kotlin.collections.CollectionsKt___CollectionsKt.single(_Collections.kt:618)
	at fi.gekkio.ghidraboy.SoftwareCallStateContinuationApplicationTest.fixture(SoftwareCallStateContinuationApplicationTest.kt:48)
	at fi.gekkio.ghidraboy.SoftwareCallStateContinuationApplicationTest.fixture$default(SoftwareCallStateContinuationApplicationTest.kt:22)
	at fi.gekkio.ghidraboy.SoftwareCallStateContinuationApplicationTest.public canonical and derived roots retain repeated CPU fetches from competing banks(SoftwareCallStateContinuationApplicationTest.kt:109)
	at java.base/java.lang.reflect.Method.invoke(Method.java:580)
	at java.base/java.util.ArrayList.forEach(ArrayList.java:1596)
	at java.base/java.util.ArrayList.forEach(ArrayList.java:1596)
</failure>
  </testcase>
  <testcase name="later ordinary call retains physical native target register flag and memory results()" classname="fi.gekkio.ghidraboy.SoftwareCallStateContinuationApplicationTest" time="0.014">
    <failure message="java.lang.IllegalArgumentException: List has more than one element." type="java.lang.IllegalArgumentException">java.lang.IllegalArgumentException: List has more than one element.
	at kotlin.collections.CollectionsKt___CollectionsKt.single(_Collections.kt:618)
	at fi.gekkio.ghidraboy.SoftwareCallStateContinuationApplicationTest.fixture(SoftwareCallStateContinuationApplicationTest.kt:48)
	at fi.gekkio.ghidraboy.SoftwareCallStateContinuationApplicationTest.fixture$default(SoftwareCallStateContinuationApplicationTest.kt:22)
	at fi.gekkio.ghidraboy.SoftwareCallStateContinuationApplicationTest.later ordinary call retains physical native target register flag and memory results(SoftwareCallStateContinuationApplicationTest.kt:160)
	at java.base/java.lang.reflect.Method.invoke(Method.java:580)
	at java.base/java.util.ArrayList.forEach(ArrayList.java:1596)
	at java.base/java.util.ArrayList.forEach(ArrayList.java:1596)
</failure>
  </testcase>
  <testcase name="banked data mutation invalidates paired roots and same interface sees reviewed new values()" classname="fi.gekkio.ghidraboy.SoftwareCallStateContinuationApplicationTest" time="0.014">
    <failure message="java.lang.IllegalArgumentException: List has more than one element." type="java.lang.IllegalArgumentException">java.lang.IllegalArgumentException: List has more than one element.
	at kotlin.collections.CollectionsKt___CollectionsKt.single(_Collections.kt:618)
	at fi.gekkio.ghidraboy.SoftwareCallStateContinuationApplicationTest.fixture(SoftwareCallStateContinuationApplicationTest.kt:48)
	at fi.gekkio.ghidraboy.SoftwareCallStateContinuationApplicationTest.fixture$default(SoftwareCallStateContinuationApplicationTest.kt:22)
	at fi.gekkio.ghidraboy.SoftwareCallStateContinuationApplicationTest.banked data mutation invalidates paired roots and same interface sees reviewed new values(SoftwareCallStateContinuationApplicationTest.kt:133)
	at java.base/java.lang.reflect.Method.invoke(Method.java:580)
	at java.base/java.util.ArrayList.forEach(ArrayList.java:1596)
	at java.base/java.util.ArrayList.forEach(ArrayList.java:1596)
</failure>
  </testcase>
  <system-out><![CDATA[]]></system-out>
  <system-err><![CDATA[]]></system-err>
</testsuite>
