<?xml version="1.0" encoding="UTF-8"?>
<testsuite name="fi.gekkio.ghidraboy.SoftwareCallInstructionDiscoveryTest" tests="15" skipped="0" failures="0" errors="0" timestamp="2026-09-07T18:55:12.678Z" hostname="MacBookPro.localdomain" time="0.639">
  <properties/>
  <testcase name="public fallback commits only final state proof candidates not abandoned finite branch()" classname="fi.gekkio.ghidraboy.SoftwareCallInstructionDiscoveryTest" time="0.043"/>
  <testcase name="cancelled preview and apply preserve fresh Program()" classname="fi.gekkio.ghidraboy.SoftwareCallInstructionDiscoveryTest" time="0.007"/>
  <testcase name="cancellation after first committed instruction rolls back all listing and reference changes()" classname="fi.gekkio.ghidraboy.SoftwareCallInstructionDiscoveryTest" time="0.021"/>
  <testcase name="inline reservations prevent even plausible opcode roots and operands()" classname="fi.gekkio.ghidraboy.SoftwareCallInstructionDiscoveryTest" time="0.008"/>
  <testcase name="named root comments function and incoming reference are preserved()" classname="fi.gekkio.ghidraboy.SoftwareCallInstructionDiscoveryTest" time="0.019"/>
  <testcase name="banked candidates retain physical identity and enclosing rollback removes all commits()" classname="fi.gekkio.ghidraboy.SoftwareCallInstructionDiscoveryTest" time="0.012"/>
  <testcase name="undecoded root with conflicting user flow refuses speculative interpretation()" classname="fi.gekkio.ghidraboy.SoftwareCallInstructionDiscoveryTest" time="0.006"/>
  <testcase name="stale bytes annotations permissions and context reject reviewed commit()" classname="fi.gekkio.ghidraboy.SoftwareCallInstructionDiscoveryTest" time="0.01"/>
  <testcase name="data payload and conflicting instruction boundaries remain intact()" classname="fi.gekkio.ghidraboy.SoftwareCallInstructionDiscoveryTest" time="0.007"/>
  <testcase name="nested discovery scopes isolate candidates and restore previous scope()" classname="fi.gekkio.ghidraboy.SoftwareCallInstructionDiscoveryTest" time="0.006"/>
  <testcase name="fresh speculative decode changes no listing and commits only requested rooted extent()" classname="fi.gekkio.ghidraboy.SoftwareCallInstructionDiscoveryTest" time="0.008"/>
  <testcase name="public review discovers absent helper callee and continuation and native canonical call()" classname="fi.gekkio.ghidraboy.SoftwareCallInstructionDiscoveryTest" time="0.465"/>
  <testcase name="register context mutation invalidates a reviewed speculative plan()" classname="fi.gekkio.ghidraboy.SoftwareCallInstructionDiscoveryTest" time="0.008"/>
  <testcase name="interior user label and referenced byte block discovery without removal()" classname="fi.gekkio.ghidraboy.SoftwareCallInstructionDiscoveryTest" time="0.007"/>
  <testcase name="abandoned alternative discards its speculative candidates and reservations()" classname="fi.gekkio.ghidraboy.SoftwareCallInstructionDiscoveryTest" time="0.007"/>
  <system-out><![CDATA[]]></system-out>
  <system-err><![CDATA[]]></system-err>
</testsuite>
