<?xml version="1.0" encoding="UTF-8"?>
<testsuite name="fi.gekkio.ghidraboy.SoftwareCallStatePathsTest" tests="4" skipped="0" failures="0" errors="0" timestamp="2026-09-07T18:55:13.391Z" hostname="MacBookPro.localdomain" time="0.064">
  <properties/>
  <testcase name="nested calls restore prior bank before consuming each live return word()" classname="fi.gekkio.ghidraboy.SoftwareCallStatePathsTest" time="0.012"/>
  <testcase name="two banked data reads at the same CPU address retain separate storage identities()" classname="fi.gekkio.ghidraboy.SoftwareCallStatePathsTest" time="0.01"/>
  <testcase name="conditional selector paths reach the same CPU PC with different physical results()" classname="fi.gekkio.ghidraboy.SoftwareCallStatePathsTest" time="0.02"/>
  <testcase name="revisited CPU instruction has two physical sources and both architectural effects survive()" classname="fi.gekkio.ghidraboy.SoftwareCallStatePathsTest" time="0.021"/>
  <system-out><![CDATA[]]></system-out>
  <system-err><![CDATA[]]></system-err>
</testsuite>
