<?xml version="1.0" encoding="UTF-8"?>
<testsuite name="fi.gekkio.ghidraboy.SoftwareCallEffectsTest" tests="16" skipped="0" failures="0" errors="0" timestamp="2026-09-07T18:48:28.114Z" hostname="MacBookPro.localdomain" time="0.193">
  <properties/>
  <testcase name="conditional return is conditional on entry flags and exact loop is nonreturning()" classname="fi.gekkio.ghidraboy.SoftwareCallEffectsTest" time="0.013"/>
  <testcase name="callee selector write changes the physical instruction fetch before return()" classname="fi.gekkio.ghidraboy.SoftwareCallEffectsTest" time="0.008"/>
  <testcase name="generic bank-register store requires actual native volatile port transport()" classname="fi.gekkio.ghidraboy.SoftwareCallEffectsTest" time="0.011"/>
  <testcase name="raw nested callee derives flags memory registers and balanced stack()" classname="fi.gekkio.ghidraboy.SoftwareCallEffectsTest" time="0.008"/>
  <testcase name="altered return word records actual nonlocal machine state without wrapper epilogue()" classname="fi.gekkio.ghidraboy.SoftwareCallEffectsTest" time="0.008"/>
  <testcase name="written RAM code cannot reuse a different preexisting listing instruction()" classname="fi.gekkio.ghidraboy.SoftwareCallEffectsTest" time="0.011"/>
  <testcase name="ordinary nested call rejects an explicit contradictory native stack purge()" classname="fi.gekkio.ghidraboy.SoftwareCallEffectsTest" time="0.01"/>
  <testcase name="writable instruction ROM is not an immutable callee proof()" classname="fi.gekkio.ghidraboy.SoftwareCallEffectsTest" time="0.008"/>
  <testcase name="indirect same-bank control write lacks native bus lowering while direct write is supported()" classname="fi.gekkio.ghidraboy.SoftwareCallEffectsTest" time="0.019"/>
  <testcase name="tracked volatile RAM write does not establish a stable following read()" classname="fi.gekkio.ghidraboy.SoftwareCallEffectsTest" time="0.009"/>
  <testcase name="nested software wrapper RET epilogue is an architectural frame not a nonlocal exit()" classname="fi.gekkio.ghidraboy.SoftwareCallEffectsTest" time="0.023"/>
  <testcase name="fixed callee helper banked data read needs a native physical memory view()" classname="fi.gekkio.ghidraboy.SoftwareCallEffectsTest" time="0.009"/>
  <testcase name="unknown RAM and nonlocal return never fabricate returning target()" classname="fi.gekkio.ghidraboy.SoftwareCallEffectsTest" time="0.014"/>
  <testcase name="saved wrapper frame mutation is unresolved rather than a fabricated nonlocal exit()" classname="fi.gekkio.ghidraboy.SoftwareCallEffectsTest" time="0.007"/>
  <testcase name="returning continuation rechecks same-byte code-to-data edits()" classname="fi.gekkio.ghidraboy.SoftwareCallEffectsTest" time="0.014"/>
  <testcase name="identical banked caller distinguishes restoring nonrestoring and constant physical return()" classname="fi.gekkio.ghidraboy.SoftwareCallEffectsTest" time="0.019"/>
  <system-out><![CDATA[]]></system-out>
  <system-err><![CDATA[]]></system-err>
</testsuite>
