<?xml version="1.0" encoding="UTF-8"?>
<testsuite name="fi.gekkio.ghidraboy.SoftwareCallContinuationTest" tests="11" skipped="0" failures="2" errors="0" timestamp="2026-09-07T18:48:27.540Z" hostname="MacBookPro.localdomain" time="0.571">
  <properties/>
  <testcase name="nested later calls restore selected bank before returning to banked continuation()" classname="fi.gekkio.ghidraboy.SoftwareCallContinuationTest" time="0.334"/>
  <testcase name="later false noReturn remains a veto until matched return repair is reviewed()" classname="fi.gekkio.ghidraboy.SoftwareCallContinuationTest" time="0.049"/>
  <testcase name="indirect mapper write propagates physical fetch while retaining native bus veto()" classname="fi.gekkio.ghidraboy.SoftwareCallContinuationTest" time="0.019"/>
  <testcase name="banked data reads retain physical identities independent of code location()" classname="fi.gekkio.ghidraboy.SoftwareCallContinuationTest" time="0.026"/>
  <testcase name="conditional return uses proved flags and exact loops retain a back edge()" classname="fi.gekkio.ghidraboy.SoftwareCallContinuationTest" time="0.03"/>
  <testcase name="configured later restoring call preserves wrapper clobbers and verifies premises()" classname="fi.gekkio.ghidraboy.SoftwareCallContinuationTest" time="0.031"/>
  <testcase name="later ordinary call supplies real return frame registers flags and memory()" classname="fi.gekkio.ghidraboy.SoftwareCallContinuationTest" time="0.014"/>
  <testcase name="later consumed byte mutation changes dependencies and effect state()" classname="fi.gekkio.ghidraboy.SoftwareCallContinuationTest" time="0.02">
    <failure message="ghidra.program.model.mem.MemoryAccessException: Memory change conflicts with instruction at 0240" type="ghidra.program.model.mem.MemoryAccessException">ghidra.program.model.mem.MemoryAccessException: Memory change conflicts with instruction at 0240
	at app//ghidra.program.database.mem.MemoryMapDB.checkRangeForInstructions(MemoryMapDB.java:2263)
	at app//ghidra.program.database.mem.MemoryMapDB.checkMemoryWriteNonMappedBlock(MemoryMapDB.java:440)
	at app//ghidra.program.database.mem.MemoryMapDB.checkMemoryWrite(MemoryMapDB.java:396)
	at app//ghidra.program.database.mem.MemoryBlockDB.putByte(MemoryBlockDB.java:389)
	at app//ghidra.program.database.mem.MemoryMapDB.setByte(MemoryMapDB.java:1645)
	at app//fi.gekkio.ghidraboy.SoftwareCallContinuationTest.later_consumed_byte_mutation_changes_dependencies_and_effect_state$lambda$36(SoftwareCallContinuationTest.kt:218)
	at app//fi.gekkio.ghidraboy.SoftwareCallContinuationTest.fixture(SoftwareCallContinuationTest.kt:62)
	at app//fi.gekkio.ghidraboy.SoftwareCallContinuationTest.fixture$default(SoftwareCallContinuationTest.kt:17)
	at app//fi.gekkio.ghidraboy.SoftwareCallContinuationTest.later consumed byte mutation changes dependencies and effect state(SoftwareCallContinuationTest.kt:216)
	at java.base@21.0.12.1/java.lang.reflect.Method.invoke(Method.java:580)
	at java.base@21.0.12.1/java.util.ArrayList.forEach(ArrayList.java:1596)
	at java.base@21.0.12.1/java.util.ArrayList.forEach(ArrayList.java:1596)
</failure>
  </testcase>
  <testcase name="same CPU PC is revisited in distinct physical banks without merging states()" classname="fi.gekkio.ghidraboy.SoftwareCallContinuationTest" time="0.016">
    <failure message="org.opentest4j.AssertionFailedError: expected: &lt;[3, 2]&gt; but was: &lt;[3]&gt;" type="org.opentest4j.AssertionFailedError">org.opentest4j.AssertionFailedError: expected: &lt;[3, 2]&gt; but was: &lt;[3]&gt;
	at app//org.junit.jupiter.api.AssertionFailureBuilder.build(AssertionFailureBuilder.java:151)
	at app//org.junit.jupiter.api.AssertionFailureBuilder.buildAndThrow(AssertionFailureBuilder.java:132)
	at app//org.junit.jupiter.api.AssertEquals.failNotEqual(AssertEquals.java:197)
	at app//org.junit.jupiter.api.AssertEquals.assertEquals(AssertEquals.java:182)
	at app//org.junit.jupiter.api.AssertEquals.assertEquals(AssertEquals.java:177)
	at app//org.junit.jupiter.api.Assertions.assertEquals(Assertions.java:1145)
	at app//fi.gekkio.ghidraboy.SoftwareCallContinuationTest.same_CPU_PC_is_revisited_in_distinct_physical_banks_without_merging_states$lambda$13(SoftwareCallContinuationTest.kt:106)
	at app//fi.gekkio.ghidraboy.SoftwareCallContinuationTest.fixture(SoftwareCallContinuationTest.kt:62)
	at app//fi.gekkio.ghidraboy.SoftwareCallContinuationTest.fixture$default(SoftwareCallContinuationTest.kt:17)
	at app//fi.gekkio.ghidraboy.SoftwareCallContinuationTest.same CPU PC is revisited in distinct physical banks without merging states(SoftwareCallContinuationTest.kt:102)
	at java.base@21.0.12.1/java.lang.reflect.Method.invoke(Method.java:580)
	at java.base@21.0.12.1/java.util.ArrayList.forEach(ArrayList.java:1596)
	at java.base@21.0.12.1/java.util.ArrayList.forEach(ArrayList.java:1596)
</failure>
  </testcase>
  <testcase name="unknown initial RAM and partially changed live return word remain unresolved()" classname="fi.gekkio.ghidraboy.SoftwareCallContinuationTest" time="0.02"/>
  <testcase name="known later nonlocal return preserves actual destination and popped stack()" classname="fi.gekkio.ghidraboy.SoftwareCallContinuationTest" time="0.01"/>
  <system-out><![CDATA[]]></system-out>
  <system-err><![CDATA[]]></system-err>
</testsuite>
