<?xml version="1.0" encoding="UTF-8"?>
<testsuite name="fi.gekkio.ghidraboy.SoftwareCallEffectsTest" tests="8" skipped="0" failures="0" errors="0" timestamp="2026-09-07T06:09:10.914Z" hostname="MacBookPro.localdomain" time="0.054">
  <properties/>
  <testcase name="conditional return is conditional on entry flags and exact loop is nonreturning()" classname="fi.gekkio.ghidraboy.SoftwareCallEffectsTest" time="0.012"/>
  <testcase name="callee selector write changes the physical instruction fetch before return()" classname="fi.gekkio.ghidraboy.SoftwareCallEffectsTest" time="0.005"/>
  <testcase name="raw nested callee derives flags memory registers and balanced stack()" classname="fi.gekkio.ghidraboy.SoftwareCallEffectsTest" time="0.005"/>
  <testcase name="written RAM code cannot reuse a different preexisting listing instruction()" classname="fi.gekkio.ghidraboy.SoftwareCallEffectsTest" time="0.005"/>
  <testcase name="writable instruction ROM is not an immutable callee proof()" classname="fi.gekkio.ghidraboy.SoftwareCallEffectsTest" time="0.003"/>
  <testcase name="nested software wrapper RET epilogue is an architectural frame not a nonlocal exit()" classname="fi.gekkio.ghidraboy.SoftwareCallEffectsTest" time="0.006"/>
  <testcase name="unknown RAM and nonlocal return never fabricate returning target()" classname="fi.gekkio.ghidraboy.SoftwareCallEffectsTest" time="0.007"/>
  <testcase name="identical banked caller distinguishes restoring nonrestoring and constant physical return()" classname="fi.gekkio.ghidraboy.SoftwareCallEffectsTest" time="0.011"/>
  <system-out><![CDATA[]]></system-out>
  <system-err><![CDATA[]]></system-err>
</testsuite>
