<?xml version="1.0" encoding="UTF-8"?>
<testsuite name="fi.gekkio.ghidraboy.SoftwareCallContinuationTest" tests="20" skipped="0" failures="1" errors="0" timestamp="2026-09-07T19:46:21.839Z" hostname="MacBookPro.localdomain" time="0.2">
  <properties/>
  <testcase name="later configured nonreturn skips wrapper epilogue while unknown callee never gains outcome()" classname="fi.gekkio.ghidraboy.SoftwareCallContinuationTest" time="0.017"/>
  <testcase name="nested later calls restore selected bank before returning to banked continuation()" classname="fi.gekkio.ghidraboy.SoftwareCallContinuationTest" time="0.008"/>
  <testcase name="later false noReturn remains a veto until matched return repair is reviewed()" classname="fi.gekkio.ghidraboy.SoftwareCallContinuationTest" time="0.007"/>
  <testcase name="callee graph stops at live restoring epilogue frame without applying wrapper clobbers()" classname="fi.gekkio.ghidraboy.SoftwareCallContinuationTest" time="0.007"/>
  <testcase name="indirect mapper write propagates physical fetch while retaining native bus veto()" classname="fi.gekkio.ghidraboy.SoftwareCallContinuationTest" time="0.007"/>
  <testcase name="banked data reads retain physical identities independent of code location()" classname="fi.gekkio.ghidraboy.SoftwareCallContinuationTest" time="0.007"/>
  <testcase name="conditional return uses proved flags and exact loops retain a back edge()" classname="fi.gekkio.ghidraboy.SoftwareCallContinuationTest" time="0.013"/>
  <testcase name="configured later restoring call preserves wrapper clobbers and verifies premises()" classname="fi.gekkio.ghidraboy.SoftwareCallContinuationTest" time="0.012"/>
  <testcase name="later nonreturning call retains live hardware frame and terminal callee loop()" classname="fi.gekkio.ghidraboy.SoftwareCallContinuationTest" time="0.007"/>
  <testcase name="nested invocation slices retain live frames and normalize only native graph depth()" classname="fi.gekkio.ghidraboy.SoftwareCallContinuationTest" time="0.008"/>
  <testcase name="later ordinary call supplies real return frame registers flags and memory()" classname="fi.gekkio.ghidraboy.SoftwareCallContinuationTest" time="0.007"/>
  <testcase name="state lowering matches raw architectural operations with two distinct live external return words()" classname="fi.gekkio.ghidraboy.SoftwareCallContinuationTest" time="0.009"/>
  <testcase name="stateful continuation binds exact callee prerequisite while retaining original vetoes()" classname="fi.gekkio.ghidraboy.SoftwareCallContinuationTest" time="0.023"/>
  <testcase name="later consumed byte mutation changes dependencies and effect state()" classname="fi.gekkio.ghidraboy.SoftwareCallContinuationTest" time="0.01"/>
  <testcase name="later manual software transfer consumes its actual pushed continuation()" classname="fi.gekkio.ghidraboy.SoftwareCallContinuationTest" time="0.01"/>
  <testcase name="same CPU PC is revisited in distinct physical banks without merging states()" classname="fi.gekkio.ghidraboy.SoftwareCallContinuationTest" time="0.009"/>
  <testcase name="callee graph preserves competing banks and raw root return before caller continuation()" classname="fi.gekkio.ghidraboy.SoftwareCallContinuationTest" time="0.007"/>
  <testcase name="unknown initial RAM and partially changed live return word remain unresolved()" classname="fi.gekkio.ghidraboy.SoftwareCallContinuationTest" time="0.01"/>
  <testcase name="later nonlocal call records changed live return word without a balanced afterCall()" classname="fi.gekkio.ghidraboy.SoftwareCallContinuationTest" time="0.011">
    <failure message="org.opentest4j.AssertionFailedError: expected: &lt;NONLOCAL&gt; but was: &lt;RETURN&gt;" type="org.opentest4j.AssertionFailedError">org.opentest4j.AssertionFailedError: expected: &lt;NONLOCAL&gt; but was: &lt;RETURN&gt;
	at app//org.junit.jupiter.api.AssertionFailureBuilder.build(AssertionFailureBuilder.java:151)
	at app//org.junit.jupiter.api.AssertionFailureBuilder.buildAndThrow(AssertionFailureBuilder.java:132)
	at app//org.junit.jupiter.api.AssertEquals.failNotEqual(AssertEquals.java:197)
	at app//org.junit.jupiter.api.AssertEquals.assertEquals(AssertEquals.java:182)
	at app//org.junit.jupiter.api.AssertEquals.assertEquals(AssertEquals.java:177)
	at app//org.junit.jupiter.api.Assertions.assertEquals(Assertions.java:1145)
	at app//fi.gekkio.ghidraboy.SoftwareCallContinuationTest.later_nonlocal_call_records_changed_live_return_word_without_a_balanced_afterCall$lambda$64(SoftwareCallContinuationTest.kt:439)
	at app//fi.gekkio.ghidraboy.SoftwareCallContinuationTest.fixture(SoftwareCallContinuationTest.kt:88)
	at app//fi.gekkio.ghidraboy.SoftwareCallContinuationTest.fixture$default(SoftwareCallContinuationTest.kt:43)
	at app//fi.gekkio.ghidraboy.SoftwareCallContinuationTest.later nonlocal call records changed live return word without a balanced afterCall(SoftwareCallContinuationTest.kt:436)
	at java.base@21.0.12.1/java.lang.reflect.Method.invoke(Method.java:580)
	at java.base@21.0.12.1/java.util.ArrayList.forEach(ArrayList.java:1596)
	at java.base@21.0.12.1/java.util.ArrayList.forEach(ArrayList.java:1596)
</failure>
  </testcase>
  <testcase name="known later nonlocal return preserves actual destination and popped stack()" classname="fi.gekkio.ghidraboy.SoftwareCallContinuationTest" time="0.007"/>
  <system-out><![CDATA[]]></system-out>
  <system-err><![CDATA[]]></system-err>
</testsuite>
