<?xml version="1.0" encoding="UTF-8"?>
<testsuite name="fi.gekkio.ghidraboy.SoftwareCallStateContinuationApplicationTest" tests="10" skipped="0" failures="2" errors="0" timestamp="2026-09-07T19:57:27.799Z" hostname="MacBookPro.localdomain" time="5.923">
  <properties/>
  <testcase name="later configured restoring call keeps physical target wrapper effects and canonical navigation()" classname="fi.gekkio.ghidraboy.SoftwareCallStateContinuationApplicationTest" time="1.381"/>
  <testcase name="later ordinary callee revisits CPU under another bank and preserves internal memory effect()" classname="fi.gekkio.ghidraboy.SoftwareCallStateContinuationApplicationTest" time="0.927"/>
  <testcase name="later software nonlocal return preserves saved wrapper words for actual cleanup instructions()" classname="fi.gekkio.ghidraboy.SoftwareCallStateContinuationApplicationTest" time="0.079">
    <failure message="java.lang.IllegalArgumentException: Continuation LOAD requires a proven native physical data view" type="java.lang.IllegalArgumentException">java.lang.IllegalArgumentException: Continuation LOAD requires a proven native physical data view
	at fi.gekkio.ghidraboy.SoftwareCallExecutionView.continuationSegments(SoftwareCallExecutionView.java:168)
	at fi.gekkio.ghidraboy.SoftwareCallExecutionView.continuationSegments(SoftwareCallExecutionView.java:98)
	at fi.gekkio.ghidraboy.SoftwareCallApplication.previewDecoded(SoftwareCallApplication.java:231)
	at fi.gekkio.ghidraboy.SoftwareCallApplication.preview(SoftwareCallApplication.java:54)
	at fi.gekkio.ghidraboy.SoftwareCallStateContinuationApplicationTest.later_software_nonlocal_return_preserves_saved_wrapper_words_for_actual_cleanup_instructions$lambda$28(SoftwareCallStateContinuationApplicationTest.kt:316)
	at fi.gekkio.ghidraboy.SoftwareCallStateContinuationApplicationTest.fixture(SoftwareCallStateContinuationApplicationTest.kt:71)
	at fi.gekkio.ghidraboy.SoftwareCallStateContinuationApplicationTest.fixture$default(SoftwareCallStateContinuationApplicationTest.kt:27)
	at fi.gekkio.ghidraboy.SoftwareCallStateContinuationApplicationTest.later software nonlocal return preserves saved wrapper words for actual cleanup instructions(SoftwareCallStateContinuationApplicationTest.kt:310)
	at java.base/java.lang.reflect.Method.invoke(Method.java:580)
	at java.base/java.util.ArrayList.forEach(ArrayList.java:1596)
	at java.base/java.util.ArrayList.forEach(ArrayList.java:1596)
</failure>
  </testcase>
  <testcase name="public canonical and derived roots retain repeated CPU fetches from competing banks()" classname="fi.gekkio.ghidraboy.SoftwareCallStateContinuationApplicationTest" time="0.44"/>
  <testcase name="later configured constant-bank return preserves flags and actual wrapper bank()" classname="fi.gekkio.ghidraboy.SoftwareCallStateContinuationApplicationTest" time="0.577"/>
  <testcase name="later manual software transfer preserves physical call and selected return bank()" classname="fi.gekkio.ghidraboy.SoftwareCallStateContinuationApplicationTest" time="0.551"/>
  <testcase name="later ordinary nonlocal return executes its actual destination instead of encoded continuation()" classname="fi.gekkio.ghidraboy.SoftwareCallStateContinuationApplicationTest" time="0.506"/>
  <testcase name="later ordinary call retains physical native target register flag and memory results()" classname="fi.gekkio.ghidraboy.SoftwareCallStateContinuationApplicationTest" time="0.434"/>
  <testcase name="later nonreturning native call terminates only its proved contextual alias()" classname="fi.gekkio.ghidraboy.SoftwareCallStateContinuationApplicationTest" time="0.438">
    <failure message="org.opentest4j.AssertionFailedError: &#10;/* WARNING: Function: rst28 replaced with injection: ghidraboy_software_call_v1 */&#10;/* WARNING: Function: initial_target replaced with injection: ghidraboy_may_return_v1 */&#10;/* WARNING: Removing unreachable block (ram,0x4500) */&#10;/* WARNING: This function may have set the stack pointer */&#10;&#10;void state_source(undefined1 param_1)&#10;&#10;{&#10;  gb_cartridge_write8(0x2000,param_1);&#10;  initial_target();&#10;                    /* WARNING: Subroutine does not return */&#10;  uRamc0ff = 0x45;&#10;  uRamc0fe = 4;&#10;  later_loop_target_state_1(2,0x4000,0,0);&#10;}&#10;&#10; ==&gt; expected: &lt;false&gt; but was: &lt;true&gt;" type="org.opentest4j.AssertionFailedError">org.opentest4j.AssertionFailedError: 
/* WARNING: Function: rst28 replaced with injection: ghidraboy_software_call_v1 */
/* WARNING: Function: initial_target replaced with injection: ghidraboy_may_return_v1 */
/* WARNING: Removing unreachable block (ram,0x4500) */
/* WARNING: This function may have set the stack pointer */

void state_source(undefined1 param_1)

{
  gb_cartridge_write8(0x2000,param_1);
  initial_target();
                    /* WARNING: Subroutine does not return */
  uRamc0ff = 0x45;
  uRamc0fe = 4;
  later_loop_target_state_1(2,0x4000,0,0);
}

 ==&gt; expected: &lt;false&gt; but was: &lt;true&gt;
	at app//org.junit.jupiter.api.AssertionFailureBuilder.build(AssertionFailureBuilder.java:151)
	at app//org.junit.jupiter.api.AssertionFailureBuilder.buildAndThrow(AssertionFailureBuilder.java:132)
	at app//org.junit.jupiter.api.AssertFalse.failNotFalse(AssertFalse.java:63)
	at app//org.junit.jupiter.api.AssertFalse.assertFalse(AssertFalse.java:36)
	at app//org.junit.jupiter.api.Assertions.assertFalse(Assertions.java:239)
	at app//fi.gekkio.ghidraboy.SoftwareCallStateContinuationApplicationTest.later_nonreturning_native_call_terminates_only_its_proved_contextual_alias$lambda$32(SoftwareCallStateContinuationApplicationTest.kt:356)
	at app//fi.gekkio.ghidraboy.SoftwareCallStateContinuationApplicationTest.fixture(SoftwareCallStateContinuationApplicationTest.kt:71)
	at app//fi.gekkio.ghidraboy.SoftwareCallStateContinuationApplicationTest.fixture$default(SoftwareCallStateContinuationApplicationTest.kt:27)
	at app//fi.gekkio.ghidraboy.SoftwareCallStateContinuationApplicationTest.later nonreturning native call terminates only its proved contextual alias(SoftwareCallStateContinuationApplicationTest.kt:337)
	at java.base@21.0.12.1/java.lang.reflect.Method.invoke(Method.java:580)
	at java.base@21.0.12.1/java.util.ArrayList.forEach(ArrayList.java:1596)
	at java.base@21.0.12.1/java.util.ArrayList.forEach(ArrayList.java:1596)
</failure>
  </testcase>
  <testcase name="banked data mutation invalidates paired roots and same interface sees reviewed new values()" classname="fi.gekkio.ghidraboy.SoftwareCallStateContinuationApplicationTest" time="0.588"/>
  <system-out><![CDATA[]]></system-out>
  <system-err><![CDATA[]]></system-err>
</testsuite>
