<?xml version="1.0" encoding="UTF-8"?>
<testsuite name="fi.gekkio.ghidraboy.SoftwareCallBankedApplicationTest" tests="1" skipped="0" failures="0" errors="0" timestamp="2026-09-07T10:41:48.103Z" hostname="MacBookPro.localdomain" time="0.287">
  <properties/>
  <testcase name="ordinary production view carries nonrestoring banked continuation into native function()" classname="fi.gekkio.ghidraboy.SoftwareCallBankedApplicationTest" time="0.287"/>
  <system-out><![CDATA[]]></system-out>
  <system-err><![CDATA[]]></system-err>
</testsuite>
