<?xml version="1.0" encoding="UTF-8"?>
<testsuite name="fi.gekkio.ghidraboy.AnalysisHardeningTest" tests="5" skipped="0" failures="0" errors="0" timestamp="2026-09-07T04:57:28.617Z" hostname="MacBookPro.localdomain" time="7.639">
  <properties/>
  <testcase name="stack stores affect mapper registers in architectural byte order()" classname="fi.gekkio.ghidraboy.AnalysisHardeningTest" time="0.043"/>
  <testcase name="cancelled preview and patched results cannot mutate the program()" classname="fi.gekkio.ghidraboy.AnalysisHardeningTest" time="0.049"/>
  <testcase name="wide writes across mapper hardware and address boundaries affect every byte()" classname="fi.gekkio.ghidraboy.AnalysisHardeningTest" time="0.493"/>
  <testcase name="loop duplicate states do not consume the exploration budget()" classname="fi.gekkio.ghidraboy.AnalysisHardeningTest" time="0.018"/>
  <testcase name="both branch orders preserve candidates without proof on worklist exhaustion()" classname="fi.gekkio.ghidraboy.AnalysisHardeningTest" time="7.036"/>
  <system-out><![CDATA[WARN  More than 100 address segments have been created! (AddressMapDB)  
]]></system-out>
  <system-err><![CDATA[]]></system-err>
</testsuite>
