<?xml version="1.0" encoding="UTF-8"?>
<testsuite name="fi.gekkio.ghidraboy.MapperTopologyTest" tests="1" skipped="0" failures="0" errors="0" timestamp="2026-09-07T04:58:11.774Z" hostname="MacBookPro.localdomain" time="29.353">
  <properties/>
  <testcase name="every supported reachable ROM window has shared physical backing()" classname="fi.gekkio.ghidraboy.MapperTopologyTest" time="29.353"/>
  <system-out><![CDATA[WARN  More than 100 address segments have been created! (AddressMapDB)  
WARN  More than 100 address segments have been created! (AddressMapDB)  
]]></system-out>
  <system-err><![CDATA[]]></system-err>
</testsuite>
