<?xml version="1.0" encoding="UTF-8"?>
<testsuite name="fi.gekkio.ghidraboy.SoftwareCallValidationTest" tests="6" skipped="0" failures="0" errors="0" timestamp="2026-09-07T04:58:43.107Z" hostname="MacBookPro.localdomain" time="0.057">
  <properties/>
  <testcase name="Program validates exact manual RST restoring and constant entries()" classname="fi.gekkio.ghidraboy.SoftwareCallValidationTest" time="0.024"/>
  <testcase name="forged preview configuration or frame does not validate()" classname="fi.gekkio.ghidraboy.SoftwareCallValidationTest" time="0.01"/>
  <testcase name="entry premises cannot contradict known Program context()" classname="fi.gekkio.ghidraboy.SoftwareCallValidationTest" time="0.004"/>
  <testcase name="Program preview consumes real payload and preserves listing()" classname="fi.gekkio.ghidraboy.SoftwareCallValidationTest" time="0.006"/>
  <testcase name="reference only edits invalidate preview and payload references conflict()" classname="fi.gekkio.ghidraboy.SoftwareCallValidationTest" time="0.006"/>
  <testcase name="helper byte mutation invalidates saved preview and new recognition()" classname="fi.gekkio.ghidraboy.SoftwareCallValidationTest" time="0.006"/>
  <system-out><![CDATA[]]></system-out>
  <system-err><![CDATA[]]></system-err>
</testsuite>
